21566 11:12:34 select(8, [4 5], [], NULL, NULL) = 1 (in [5])
21566 11:13:20 clock_gettime(CLOCK_BOOTTIME, {93386, 682360305}) = 0
21566 11:13:20 read(5, "l", 16384)      = 1
21566 11:13:20 clock_gettime(CLOCK_BOOTTIME, {93386, 683792104}) = 0
21566 11:13:20 clock_gettime(CLOCK_BOOTTIME, {93386, 683971381}) = 0
21566 11:13:20 select(8, [4 5], [4], NULL, NULL) = 1 (out [4])
21566 11:13:20 clock_gettime(CLOCK_BOOTTIME, {93386, 684409718}) = 0
21566 11:13:20 write(4, "\257\371\25\206\207\312\n;\266\37Ip\322\312\255\324q}\0014,)\217P\351{+\236\r\267+\6"..., 36) = 36
21566 11:13:20 clock_gettime(CLOCK_BOOTTIME, {93386, 685118164}) = 0
21566 11:13:20 clock_gettime(CLOCK_BOOTTIME, {93386, 685484874}) = 0
21566 11:13:20 select(8, [4 5], [], NULL, NULL) = 1 (in [4])
21566 11:13:20 clock_gettime(CLOCK_BOOTTIME, {93386, 686043451}) = 0
21566 11:13:20 read(4, "\343\250\213\f\362#\304\331\372\262/O-\322\222~\353$\225\215\251\7\245\267\25\4\273\331\335\311\246\213"..., 8192) = 36
21566 11:13:20 clock_gettime(CLOCK_BOOTTIME, {93386, 686493508}) = 0
21566 11:13:20 clock_gettime(CLOCK_BOOTTIME, {93386, 686694641}) = 0
21566 11:13:20 select(8, [4 5], [6], NULL, NULL) = 1 (out [6])
21566 11:13:20 clock_gettime(CLOCK_BOOTTIME, {93386, 687135014}) = 0
21566 11:13:20 write(6, "l", 1)         = 1
21566 11:13:20 clock_gettime(CLOCK_BOOTTIME, {93386, 687646978}) = 0
21566 11:13:20 clock_gettime(CLOCK_BOOTTIME, {93386, 687839801}) = 0
21566 11:13:20 select(8, [4 5], [], NULL, NULL) = 1 (in [5])
21566 11:13:20 clock_gettime(CLOCK_BOOTTIME, {93386, 791830315}) = 0
21566 11:13:20 read(5, "s", 16384)      = 1
21566 11:13:20 clock_gettime(CLOCK_BOOTTIME, {93386, 792378665}) = 0
21566 11:13:20 clock_gettime(CLOCK_BOOTTIME, {93386, 792606165}) = 0
21566 11:13:20 select(8, [4 5], [4], NULL, NULL) = 1 (out [4])
21566 11:13:20 clock_gettime(CLOCK_BOOTTIME, {93386, 793244988}) = 0
21566 11:13:20 write(4, "\35\251\347*\267\27O\332\212\360\3\2\343\201f\372\201.6\372\246\0\306\302]\275\352z(\332\231\253"..., 36) = 36
21566 11:13:20 clock_gettime(CLOCK_BOOTTIME, {93386, 793921045}) = 0
21566 11:13:20 clock_gettime(CLOCK_BOOTTIME, {93386, 794276855}) = 0
21566 11:13:20 select(8, [4 5], [], NULL, NULL) = 1 (in [4])
21566 11:13:20 clock_gettime(CLOCK_BOOTTIME, {93386, 794766894}) = 0
21566 11:13:20 read(4, "\367xh\202\261\237\306\3311\214\220u\277r\342\300\246n\17\254\343\206\204\357\250p\4\377\347\224z4"..., 8192) = 36
21566 11:13:20 clock_gettime(CLOCK_BOOTTIME, {93386, 795259631}) = 0
21566 11:13:20 clock_gettime(CLOCK_BOOTTIME, {93386, 795454558}) = 0
21566 11:13:20 select(8, [4 5], [6], NULL, NULL) = 1 (out [6])
21566 11:13:20 clock_gettime(CLOCK_BOOTTIME, {93386, 796224511}) = 0
21566 11:13:20 write(6, "s", 1)         = 1
21566 11:13:20 clock_gettime(CLOCK_BOOTTIME, {93386, 796721384}) = 0
21566 11:13:20 clock_gettime(CLOCK_BOOTTIME, {93386, 796931224}) = 0
21566 11:13:20 select(8, [4 5], [], NULL, NULL) = 1 (in [5])
21566 11:13:20 clock_gettime(CLOCK_BOOTTIME, {93386, 928359330}) = 0
21566 11:13:20 read(5, "\r", 16384)     = 1
21566 11:13:20 clock_gettime(CLOCK_BOOTTIME, {93386, 928803007}) = 0
21566 11:13:20 clock_gettime(CLOCK_BOOTTIME, {93386, 929020766}) = 0
21566 11:13:20 select(8, [4 5], [4], NULL, NULL) = 1 (out [4])
21566 11:13:20 clock_gettime(CLOCK_BOOTTIME, {93386, 929463290}) = 0
21566 11:13:20 write(4, "\25\257p1y\t\30\277\346\340Q\27Ny\21454\260}\5\10:\320\366\f\5ky.\246\325,"..., 36) = 36
21566 11:13:20 clock_gettime(CLOCK_BOOTTIME, {93386, 929938413}) = 0
21566 11:13:20 clock_gettime(CLOCK_BOOTTIME, {93386, 930157866}) = 0
21566 11:13:20 select(8, [4 5], [], NULL, NULL) = 1 (in [4])
21566 11:13:20 clock_gettime(CLOCK_BOOTTIME, {93386, 935507876}) = 0
21566 11:13:20 read(4, "\n\202\311\375h\24\330ts\10\32\3371.J\215\331 \244\364\33k\271? \271\213\16\222\377/X"..., 8192) = 36
21566 11:13:20 clock_gettime(CLOCK_BOOTTIME, {93386, 935954273}) = 0
21566 11:13:20 clock_gettime(CLOCK_BOOTTIME, {93386, 936193843}) = 0
21566 11:13:20 select(8, [4 5], [6], NULL, NULL) = 1 (out [6])
21566 11:13:20 clock_gettime(CLOCK_BOOTTIME, {93386, 936677396}) = 0
21566 11:13:20 write(6, "\r\n", 2)      = 2
21566 11:13:20 clock_gettime(CLOCK_BOOTTIME, {93386, 937421273}) = 0
21566 11:13:20 clock_gettime(CLOCK_BOOTTIME, {93386, 937770363}) = 0
21566 11:13:20 select(8, [4 5], [], NULL, NULL) = 1 (in [4])
21566 11:13:20 clock_gettime(CLOCK_BOOTTIME, {93386, 939289899}) = 0
21566 11:13:20 read(4, "gx\ti&\373\304\315\316\245\200<e\262\210\275\231N1L#M\350\30\225\3\10\36\211\263\347H"..., 8192) = 300
21566 11:13:20 clock_gettime(CLOCK_BOOTTIME, {93386, 939760339}) = 0
21566 11:13:20 clock_gettime(CLOCK_BOOTTIME, {93386, 939969679}) = 0
21566 11:13:20 select(8, [4 5], [6], NULL, NULL) = 2 (in [4], out [6])
21566 11:13:20 clock_gettime(CLOCK_BOOTTIME, {93386, 940629072}) = 0
21566 11:13:20 write(6, "dump.rdb  \33[0m\33[01;31mflume.tar."..., 259) = 259
21566 11:13:20 read(4, "\372\fu\262\305\324\337\201\3509j\230<C5\325\346\325\30)\322\203\257\203\373\237@\255\272I\351\374"..., 8192) = 60
21566 11:13:20 clock_gettime(CLOCK_BOOTTIME, {93386, 941630292}) = 0
21566 11:13:20 clock_gettime(CLOCK_BOOTTIME, {93386, 941852756}) = 0
21566 11:13:20 select(8, [4 5], [6], NULL, NULL) = 1 (out [6])
21566 11:13:20 clock_gettime(CLOCK_BOOTTIME, {93386, 942385106}) = 0
21566 11:13:20 write(6, "[root@live_proxy ~]# ", 21) = 21
21566 11:13:20 clock_gettime(CLOCK_BOOTTIME, {93386, 942884452}) = 0
21566 11:13:20 clock_gettime(CLOCK_BOOTTIME, {93386, 943184399}) = 0
21566 11:13:20 select(8, [4 5], [], NULL, NULL) = 1 (in [5])
21566 11:13:23 clock_gettime(CLOCK_BOOTTIME, {93389, 441434083}) = 0
21566 11:13:23 read(5, "c", 16384)      = 1
21566 11:13:23 clock_gettime(CLOCK_BOOTTIME, {93389, 441983033}) = 0
21566 11:13:23 clock_gettime(CLOCK_BOOTTIME, {93389, 442283390}) = 0
21566 11:13:23 select(8, [4 5], [4], NULL, NULL) = 1 (out [4])
21566 11:13:23 clock_gettime(CLOCK_BOOTTIME, {93389, 442752950}) = 0
21566 11:13:23 write(4, "^\267\t0Q\3363\326I\270\5\r9\"\237\346(\177\0215\342\37o\215\fRE\354\342}{c"..., 36) = 36
21566 11:13:23 clock_gettime(CLOCK_BOOTTIME, {93389, 443311587}) = 0
21566 11:13:23 clock_gettime(CLOCK_BOOTTIME, {93389, 443659210}) = 0
21566 11:13:23 select(8, [4 5], [], NULL, NULL) = 1 (in [4])
21566 11:13:23 clock_gettime(CLOCK_BOOTTIME, {93389, 444123217}) = 0
21566 11:13:23 read(4, "\235\21ge\256\246\271\365\367\364FW\261\232)\\\304\272}\270\3569\262\365\274\322\350\345\272\361\232\330"..., 8192) = 36
21566 11:13:23 clock_gettime(CLOCK_BOOTTIME, {93389, 444562327}) = 0
21566 11:13:23 clock_gettime(CLOCK_BOOTTIME, {93389, 444746827}) = 0
21566 11:13:23 select(8, [4 5], [6], NULL, NULL) = 1 (out [6])
21566 11:13:23 clock_gettime(CLOCK_BOOTTIME, {93389, 445215940}) = 0
21566 11:13:23 write(6, "c", 1)         = 1
21566 11:13:23 clock_gettime(CLOCK_BOOTTIME, {93389, 445749336}) = 0
21566 11:13:23 clock_gettime(CLOCK_BOOTTIME, {93389, 445949523}) = 0
21566 11:13:23 select(8, [4 5], [], NULL, NULL) = 1 (in [5])
21566 11:13:23 clock_gettime(CLOCK_BOOTTIME, {93389, 527818972}) = 0
21566 11:13:23 read(5, "d", 16384)      = 1
21566 11:13:23 clock_gettime(CLOCK_BOOTTIME, {93389, 528298375}) = 0
21566 11:13:23 clock_gettime(CLOCK_BOOTTIME, {93389, 528484168}) = 0
21566 11:13:23 select(8, [4 5], [4], NULL, NULL) = 1 (out [4])
21566 11:13:23 clock_gettime(CLOCK_BOOTTIME, {93389, 528916272}) = 0
21566 11:13:23 write(4, "\214Rh\242\21\3114q\32\311\335c\263m\274\32\356\255;\365X\312\227j\224\0\2355\264z\27^"..., 36) = 36
21566 11:13:23 clock_gettime(CLOCK_BOOTTIME, {93389, 529499085}) = 0
21566 11:13:23 clock_gettime(CLOCK_BOOTTIME, {93389, 529709715}) = 0
21566 11:13:23 select(8, [4 5], [], NULL, NULL) = 1 (in [4])
21566 11:13:23 clock_gettime(CLOCK_BOOTTIME, {93389, 530218285}) = 0
21566 11:13:23 read(4, "\334\323\263\t\36\334\\\5\371\222\212o:U\36D)\350z\341t&\235\253\302\22m*\301\262\346P"..., 8192) = 36
21566 11:13:23 clock_gettime(CLOCK_BOOTTIME, {93389, 530614545}) = 0
21566 11:13:23 clock_gettime(CLOCK_BOOTTIME, {93389, 530792811}) = 0
21566 11:13:23 select(8, [4 5], [6], NULL, NULL) = 1 (out [6])
21566 11:13:23 clock_gettime(CLOCK_BOOTTIME, {93389, 531215355}) = 0
21566 11:13:23 write(6, "d", 1)         = 1
21566 11:13:23 clock_gettime(CLOCK_BOOTTIME, {93389, 531804541}) = 0
21566 11:13:23 clock_gettime(CLOCK_BOOTTIME, {93389, 531991345}) = 0
21566 11:13:23 select(8, [4 5], [], NULL, NULL) = 1 (in [5])
21566 11:13:23 clock_gettime(CLOCK_BOOTTIME, {93389, 631656689}) = 0
21566 11:13:23 read(5, " ", 16384)      = 1
21566 11:13:23 clock_gettime(CLOCK_BOOTTIME, {93389, 632159809}) = 0
21566 11:13:23 clock_gettime(CLOCK_BOOTTIME, {93389, 632351735}) = 0
21566 11:13:23 select(8, [4 5], [4], NULL, NULL) = 1 (out [4])
21566 11:13:23 clock_gettime(CLOCK_BOOTTIME, {93389, 632951832}) = 0
21566 11:13:23 write(4, "\320\16\363\6\240\24\254\354\361\365\30ll\226\24\332H\243\25Y\241\303\24\263\17\323kBfiDN"..., 36) = 36
21566 11:13:23 clock_gettime(CLOCK_BOOTTIME, {93389, 633546185}) = 0
21566 11:13:23 clock_gettime(CLOCK_BOOTTIME, {93389, 633783082}) = 0
21566 11:13:23 select(8, [4 5], [], NULL, NULL) = 1 (in [4])
21566 11:13:23 clock_gettime(CLOCK_BOOTTIME, {93389, 634316159}) = 0
21566 11:13:23 read(4, "Ns\332C\201\314\277\252\6\212#_\202\230\325\2\37\37q\320\257\200\260}a@\244\0251cp\206"..., 8192) = 36
21566 11:13:23 clock_gettime(CLOCK_BOOTTIME, {93389, 634852485}) = 0
21566 11:13:23 clock_gettime(CLOCK_BOOTTIME, {93389, 635087812}) = 0
21566 11:13:23 select(8, [4 5], [6], NULL, NULL) = 1 (out [6])
21566 11:13:23 clock_gettime(CLOCK_BOOTTIME, {93389, 635574655}) = 0
21566 11:13:23 write(6, " ", 1)         = 1
21566 11:13:23 clock_gettime(CLOCK_BOOTTIME, {93389, 636215262}) = 0
21566 11:13:23 clock_gettime(CLOCK_BOOTTIME, {93389, 636470522}) = 0
21566 11:13:23 select(8, [4 5], [], NULL, NULL) = 1 (in [5])
21566 11:13:23 clock_gettime(CLOCK_BOOTTIME, {93389, 800145405}) = 0
21566 11:13:23 read(5, "/", 16384)      = 1
21566 11:13:23 clock_gettime(CLOCK_BOOTTIME, {93389, 800668192}) = 0
21566 11:13:23 clock_gettime(CLOCK_BOOTTIME, {93389, 800908872}) = 0
21566 11:13:23 select(8, [4 5], [4], NULL, NULL) = 1 (out [4])
21566 11:13:23 clock_gettime(CLOCK_BOOTTIME, {93389, 801456815}) = 0
21566 11:13:23 write(4, "\227\370h\214\4\260\21\1\246FGM$k\273\273B\356\30\21433\323\10 \355\224XKs\353H"..., 36) = 36
21566 11:13:23 clock_gettime(CLOCK_BOOTTIME, {93389, 802017362}) = 0
21566 11:13:23 clock_gettime(CLOCK_BOOTTIME, {93389, 802376755}) = 0
21566 11:13:23 select(8, [4 5], [], NULL, NULL) = 1 (in [4])
21566 11:13:23 clock_gettime(CLOCK_BOOTTIME, {93389, 802783899}) = 0
21566 11:13:23 read(4, "\325\215\260\25&\361*\252G^\210\221_\270\221\202}\30\361\17Y]\221Q\331$\270\24V\23o\302"..., 8192) = 36
21566 11:13:23 clock_gettime(CLOCK_BOOTTIME, {93389, 803269179}) = 0
21566 11:13:23 clock_gettime(CLOCK_BOOTTIME, {93389, 803470838}) = 0
21566 11:13:23 select(8, [4 5], [6], NULL, NULL) = 1 (out [6])
21566 11:13:23 clock_gettime(CLOCK_BOOTTIME, {93389, 803945452}) = 0
21566 11:13:23 write(6, "/", 1)         = 1
21566 11:13:23 clock_gettime(CLOCK_BOOTTIME, {93389, 804548865}) = 0
21566 11:13:23 clock_gettime(CLOCK_BOOTTIME, {93389, 804735552}) = 0
21566 11:13:23 select(8, [4 5], [], NULL, NULL) = 1 (in [5])
21566 11:13:23 clock_gettime(CLOCK_BOOTTIME, {93389, 880837204}) = 0
21566 11:13:23 read(5, "f", 16384)      = 1
21566 11:13:23 clock_gettime(CLOCK_BOOTTIME, {93389, 881361907}) = 0
21566 11:13:23 clock_gettime(CLOCK_BOOTTIME, {93389, 881566341}) = 0
21566 11:13:23 select(8, [4 5], [4], NULL, NULL) = 1 (out [4])
21566 11:13:23 clock_gettime(CLOCK_BOOTTIME, {93389, 882339137}) = 0
21566 11:13:23 write(4, ")\374\257\323\nG\227<\351&\211\5\220\370\237\35\227\236\271\200\331\376\257U\246f=\342\252':\200"..., 36) = 36
21566 11:13:23 clock_gettime(CLOCK_BOOTTIME, {93389, 882874160}) = 0
21566 11:13:23 clock_gettime(CLOCK_BOOTTIME, {93389, 883309887}) = 0
21566 11:13:23 select(8, [4 5], [], NULL, NULL) = 1 (in [4])
21566 11:13:23 clock_gettime(CLOCK_BOOTTIME, {93389, 883755377}) = 0
21566 11:13:23 read(4, "W\37\\]\242P\277\"\253\331l~\27\3~\356\323=`\377\0voL\263\255\326\262\6\6\232\256"..., 8192) = 36
21566 11:13:23 clock_gettime(CLOCK_BOOTTIME, {93389, 884203697}) = 0
21566 11:13:23 clock_gettime(CLOCK_BOOTTIME, {93389, 884388674}) = 0
21566 11:13:23 select(8, [4 5], [6], NULL, NULL) = 1 (out [6])
21566 11:13:23 clock_gettime(CLOCK_BOOTTIME, {93389, 884876254}) = 0
21566 11:13:23 write(6, "f", 1)         = 1
21566 11:13:23 clock_gettime(CLOCK_BOOTTIME, {93389, 885688304}) = 0
21566 11:13:23 clock_gettime(CLOCK_BOOTTIME, {93389, 885922637}) = 0
21566 11:13:23 select(8, [4 5], [], NULL, NULL) = 1 (in [5])
21566 11:13:23 clock_gettime(CLOCK_BOOTTIME, {93390, 63873686}) = 0
21566 11:13:23 read(5, "\t", 16384)     = 1
21566 11:13:23 clock_gettime(CLOCK_BOOTTIME, {93390, 64549740}) = 0
21566 11:13:23 clock_gettime(CLOCK_BOOTTIME, {93390, 64909540}) = 0
21566 11:13:23 select(8, [4 5], [4], NULL, NULL) = 1 (out [4])
21566 11:13:23 clock_gettime(CLOCK_BOOTTIME, {93390, 65568216}) = 0
21566 11:13:23 write(4, "\302\3605\331\24\313\375\251t>+\341\n\16\356\335w~f-\241\233\345\206\360?9\215\312\37\313\""..., 36) = 36
21566 11:13:23 clock_gettime(CLOCK_BOOTTIME, {93390, 66038560}) = 0
21566 11:13:23 clock_gettime(CLOCK_BOOTTIME, {93390, 66267396}) = 0
21566 11:13:23 select(8, [4 5], [], NULL, NULL) = 1 (in [4])
21566 11:13:23 clock_gettime(CLOCK_BOOTTIME, {93390, 77024216}) = 0
21566 11:13:23 read(4, "\355\214\250\341\371\255\215\253\24\7*\237i\203\22\246\1\253\245\345_Z5\2471O\375h\245q\354f"..., 8192) = 44
21566 11:13:23 clock_gettime(CLOCK_BOOTTIME, {93390, 77439619}) = 0
21566 11:13:23 clock_gettime(CLOCK_BOOTTIME, {93390, 77621052}) = 0
21566 11:13:23 select(8, [4 5], [6], NULL, NULL) = 1 (out [6])
21566 11:13:23 clock_gettime(CLOCK_BOOTTIME, {93390, 78075389}) = 0
21566 11:13:23 write(6, "smeeting/", 9) = 9
21566 11:13:23 clock_gettime(CLOCK_BOOTTIME, {93390, 78629425}) = 0
21566 11:13:23 clock_gettime(CLOCK_BOOTTIME, {93390, 78809542}) = 0
21566 11:13:23 select(8, [4 5], [], NULL, NULL) = 1 (in [5])
21566 11:13:23 clock_gettime(CLOCK_BOOTTIME, {93390, 231157740}) = 0
21566 11:13:23 read(5, "\r", 16384)     = 1
21566 11:13:23 clock_gettime(CLOCK_BOOTTIME, {93390, 231632763}) = 0
21566 11:13:23 clock_gettime(CLOCK_BOOTTIME, {93390, 231822743}) = 0
21566 11:13:23 select(8, [4 5], [4], NULL, NULL) = 1 (out [4])
21566 11:13:23 clock_gettime(CLOCK_BOOTTIME, {93390, 232320583}) = 0
21566 11:13:23 write(4, "8\227>\365\350}pFk\274zC2\224\327'\215\"\254\317\363\271\347\22\321\36i\357\327\7\306^"..., 36) = 36
21566 11:13:23 clock_gettime(CLOCK_BOOTTIME, {93390, 232883346}) = 0
21566 11:13:23 clock_gettime(CLOCK_BOOTTIME, {93390, 233123200}) = 0
21566 11:13:23 select(8, [4 5], [], NULL, NULL) = 1 (in [4])
21566 11:13:23 clock_gettime(CLOCK_BOOTTIME, {93390, 233706910}) = 0
21566 11:13:23 read(4, "O\30-\315P\261\235\212\230\177\321\303\t6\246[\273\233\312\17<\34\233\vv\1H\226\344\30\r0"..., 8192) = 68
21566 11:13:23 clock_gettime(CLOCK_BOOTTIME, {93390, 234172223}) = 0
21566 11:13:23 clock_gettime(CLOCK_BOOTTIME, {93390, 234365266}) = 0
21566 11:13:23 select(8, [4 5], [6], NULL, NULL) = 1 (out [6])
21566 11:13:23 clock_gettime(CLOCK_BOOTTIME, {93390, 234782536}) = 0
21566 11:13:23 write(6, "\r\n[root@live_proxy fsmeeting]# ", 31) = 31
21566 11:13:23 clock_gettime(CLOCK_BOOTTIME, {93390, 235386643}) = 0
21566 11:13:23 clock_gettime(CLOCK_BOOTTIME, {93390, 235585893}) = 0
21566 11:13:23 select(8, [4 5], [], NULL, NULL) = 1 (in [5])
21566 11:13:24 clock_gettime(CLOCK_BOOTTIME, {93390, 447852443}) = 0
21566 11:13:24 read(5, "l", 16384)      = 1
21566 11:13:24 clock_gettime(CLOCK_BOOTTIME, {93390, 448415013}) = 0
21566 11:13:24 clock_gettime(CLOCK_BOOTTIME, {93390, 448676897}) = 0
21566 11:13:24 select(8, [4 5], [4], NULL, NULL) = 1 (out [4])
21566 11:13:24 clock_gettime(CLOCK_BOOTTIME, {93390, 449142227}) = 0
21566 11:13:24 write(4, "%\337\321{X0,\374\0\377B\277\300C\376\34\235\224\360\1\277\33\226\0203b\203\227\372\v\204\300"..., 36) = 36
21566 11:13:24 clock_gettime(CLOCK_BOOTTIME, {93390, 449656703}) = 0
21566 11:13:24 clock_gettime(CLOCK_BOOTTIME, {93390, 449946030}) = 0
21566 11:13:24 select(8, [4 5], [], NULL, NULL) = 1 (in [4])
21566 11:13:24 clock_gettime(CLOCK_BOOTTIME, {93390, 450480443}) = 0
21566 11:13:24 read(4, ",r9FIQ\375\343\355\312\357\265K\216D\272?+w\222\366u\205\6J\33\202\242\235\220\230."..., 8192) = 36
21566 11:13:24 clock_gettime(CLOCK_BOOTTIME, {93390, 451206783}) = 0
21566 11:13:24 clock_gettime(CLOCK_BOOTTIME, {93390, 451402237}) = 0
21566 11:13:24 select(8, [4 5], [6], NULL, NULL) = 1 (out [6])
21566 11:13:24 clock_gettime(CLOCK_BOOTTIME, {93390, 451991223}) = 0
21566 11:13:24 write(6, "l", 1)         = 1
21566 11:13:24 clock_gettime(CLOCK_BOOTTIME, {93390, 452627180}) = 0
21566 11:13:24 clock_gettime(CLOCK_BOOTTIME, {93390, 452815590}) = 0
21566 11:13:24 select(8, [4 5], [], NULL, NULL) = 1 (in [5])
21566 11:13:24 clock_gettime(CLOCK_BOOTTIME, {93390, 462300863}) = 0
21566 11:13:24 read(5, ";", 16384)      = 1
21566 11:13:24 clock_gettime(CLOCK_BOOTTIME, {93390, 462692906}) = 0
21566 11:13:24 clock_gettime(CLOCK_BOOTTIME, {93390, 462816349}) = 0
21566 11:13:24 select(8, [4 5], [4], NULL, NULL) = 1 (out [4])
21566 11:13:24 clock_gettime(CLOCK_BOOTTIME, {93390, 463266352}) = 0
21566 11:13:24 write(4, "\321:xY\316\320\356}W\211oq\335-\10m\377\233\26\22\373r\3309\36\2$qH\263\206\314"..., 36) = 36
21566 11:13:24 clock_gettime(CLOCK_BOOTTIME, {93390, 463870489}) = 0
21566 11:13:24 clock_gettime(CLOCK_BOOTTIME, {93390, 464101972}) = 0
21566 11:13:24 select(8, [4 5], [], NULL, NULL) = 1 (in [4])
21566 11:13:24 clock_gettime(CLOCK_BOOTTIME, {93390, 464505602}) = 0
21566 11:13:24 read(4, "\3C\nP\271H\355\304\244\233\346\36#d\201\252y\303r{\334\331\363\375Ykg\374N>m\265"..., 8192) = 36
21566 11:13:24 clock_gettime(CLOCK_BOOTTIME, {93390, 464941942}) = 0
21566 11:13:24 clock_gettime(CLOCK_BOOTTIME, {93390, 465166019}) = 0
21566 11:13:24 select(8, [4 5], [6], NULL, NULL) = 1 (out [6])
21566 11:13:24 clock_gettime(CLOCK_BOOTTIME, {93390, 465552356}) = 0
21566 11:13:24 write(6, ";", 1)         = 1
21566 11:13:24 clock_gettime(CLOCK_BOOTTIME, {93390, 466160182}) = 0
21566 11:13:24 clock_gettime(CLOCK_BOOTTIME, {93390, 466373949}) = 0
21566 11:13:24 select(8, [4 5], [], NULL, NULL) = 1 (in [5])
21566 11:13:24 clock_gettime(CLOCK_BOOTTIME, {93390, 551785211}) = 0
21566 11:13:24 read(5, "s", 16384)      = 1
21566 11:13:24 clock_gettime(CLOCK_BOOTTIME, {93390, 552270227}) = 0
21566 11:13:24 clock_gettime(CLOCK_BOOTTIME, {93390, 552490974}) = 0
21566 11:13:24 select(8, [4 5], [4], NULL, NULL) = 1 (out [4])
21566 11:13:24 clock_gettime(CLOCK_BOOTTIME, {93390, 553200154}) = 0
21566 11:13:24 write(4, "\211\304\220b\217\31\214\360\24\371E@\237D\325\236\365,\7\3\323\340\313^\373\201\253\227{:\\|"..., 36) = 36
21566 11:13:24 clock_gettime(CLOCK_BOOTTIME, {93390, 553827714}) = 0
21566 11:13:24 clock_gettime(CLOCK_BOOTTIME, {93390, 554116444}) = 0
21566 11:13:24 select(8, [4 5], [], NULL, NULL) = 1 (in [4])
21566 11:13:24 clock_gettime(CLOCK_BOOTTIME, {93390, 554579437}) = 0
21566 11:13:24 read(4, "\316N\262\335\253\257\254\373\335\345i\254\362\3674\314\232\257\301a\34\5Y\315\235n&W\346\323\245\213"..., 8192) = 36
21566 11:13:24 clock_gettime(CLOCK_BOOTTIME, {93390, 555036894}) = 0
21566 11:13:24 clock_gettime(CLOCK_BOOTTIME, {93390, 555282240}) = 0
21566 11:13:24 select(8, [4 5], [6], NULL, NULL) = 1 (out [6])
21566 11:13:24 clock_gettime(CLOCK_BOOTTIME, {93390, 555723010}) = 0
21566 11:13:24 write(6, "s", 1)         = 1
21566 11:13:24 clock_gettime(CLOCK_BOOTTIME, {93390, 556397167}) = 0
21566 11:13:24 clock_gettime(CLOCK_BOOTTIME, {93390, 556622984}) = 0
21566 11:13:24 select(8, [4 5], [], NULL, NULL) = 1 (in [5])
21566 11:13:24 clock_gettime(CLOCK_BOOTTIME, {93390, 711450221}) = 0
21566 11:13:24 read(5, "\r", 16384)     = 1
21566 11:13:24 clock_gettime(CLOCK_BOOTTIME, {93390, 711862364}) = 0
21566 11:13:24 clock_gettime(CLOCK_BOOTTIME, {93390, 712092948}) = 0
21566 11:13:24 select(8, [4 5], [4], NULL, NULL) = 1 (out [4])
21566 11:13:24 clock_gettime(CLOCK_BOOTTIME, {93390, 712580278}) = 0
21566 11:13:24 write(4, "{\245\213\356\256\326\202\311\352\20\327'\236\377\313\344\305\342\27JE\203\204px\274x\223\323\220\237L"..., 36) = 36
21566 11:13:24 clock_gettime(CLOCK_BOOTTIME, {93390, 713034901}) = 0
21566 11:13:24 clock_gettime(CLOCK_BOOTTIME, {93390, 713217778}) = 0
21566 11:13:24 select(8, [4 5], [], NULL, NULL) = 1 (in [4])
21566 11:13:24 clock_gettime(CLOCK_BOOTTIME, {93390, 714411738}) = 0
21566 11:13:24 read(4, "\353\30I\310\372\214\307\277;\355<\242\7\313\246\0060\254\265\326\245\7x \36w\306{\262B1<"..., 8192) = 36
21566 11:13:24 clock_gettime(CLOCK_BOOTTIME, {93390, 714963331}) = 0
21566 11:13:24 clock_gettime(CLOCK_BOOTTIME, {93390, 715385267}) = 0
21566 11:13:24 select(8, [4 5], [6], NULL, NULL) = 2 (in [4], out [6])
21566 11:13:24 clock_gettime(CLOCK_BOOTTIME, {93390, 715939757}) = 0
21566 11:13:24 write(6, "\r\n", 2)      = 2
21566 11:13:24 read(4, "Ox[\216:\367\37\323\305\372\272\36\263X\307Z\303\331\316\216\375D\365\211\vc\331\221\331\227/x"..., 8192) = 68
21566 11:13:24 clock_gettime(CLOCK_BOOTTIME, {93390, 716728804}) = 0
21566 11:13:24 clock_gettime(CLOCK_BOOTTIME, {93390, 716928114}) = 0
21566 11:13:24 select(8, [4 5], [6], NULL, NULL) = 2 (in [4], out [6])
21566 11:13:24 clock_gettime(CLOCK_BOOTTIME, {93390, 717460591}) = 0
21566 11:13:24 write(6, "-bash: l: command not found\r\n", 29) = 29
21566 11:13:24 read(4, "\233_\375\211\341~\203%\313\241\300\227\31}?L\307r\214\343g\224\354[\25<\326Y<\372y\362"..., 8192) = 136
21566 11:13:24 clock_gettime(CLOCK_BOOTTIME, {93390, 718057981}) = 0
21566 11:13:24 clock_gettime(CLOCK_BOOTTIME, {93390, 718331004}) = 0
21566 11:13:24 select(8, [4 5], [6], NULL, NULL) = 1 (out [6])
21566 11:13:24 clock_gettime(CLOCK_BOOTTIME, {93390, 718822424}) = 0
21566 11:13:24 write(6, "-bash: s: command not found\r\n[ro"..., 58) = 58
21566 11:13:24 clock_gettime(CLOCK_BOOTTIME, {93390, 719348321}) = 0
21566 11:13:24 clock_gettime(CLOCK_BOOTTIME, {93390, 719553337}) = 0
21566 11:13:24 select(8, [4 5], [], NULL, NULL) = 1 (in [5])
21566 11:13:25 clock_gettime(CLOCK_BOOTTIME, {93391, 623590703}) = 0
21566 11:13:25 read(5, "l", 16384)      = 1
21566 11:13:25 clock_gettime(CLOCK_BOOTTIME, {93391, 624055270}) = 0
21566 11:13:25 clock_gettime(CLOCK_BOOTTIME, {93391, 624263733}) = 0
21566 11:13:25 select(8, [4 5], [4], NULL, NULL) = 1 (out [4])
21566 11:13:25 clock_gettime(CLOCK_BOOTTIME, {93391, 624673427}) = 0
21566 11:13:25 write(4, "\2346\367\233?\361\346\215\"<\20,\217E;\213\3023\344\303\275\303>u\352\274r\221%\246\352\227"..., 36) = 36
21566 11:13:25 clock_gettime(CLOCK_BOOTTIME, {93391, 625199540}) = 0
21566 11:13:25 clock_gettime(CLOCK_BOOTTIME, {93391, 625390100}) = 0
21566 11:13:25 select(8, [4 5], [], NULL, NULL) = 1 (in [4])
21566 11:13:25 clock_gettime(CLOCK_BOOTTIME, {93391, 626304687}) = 0
21566 11:13:25 read(4, "z\215\254\324\35\"W\355\300\347U\205iN1\255\"Q\352\207J\335\367W(\370\357K\304(\242\321"..., 8192) = 36
21566 11:13:25 clock_gettime(CLOCK_BOOTTIME, {93391, 626714193}) = 0
21566 11:13:25 clock_gettime(CLOCK_BOOTTIME, {93391, 626905250}) = 0
21566 11:13:25 select(8, [4 5], [6], NULL, NULL) = 1 (out [6])
21566 11:13:25 clock_gettime(CLOCK_BOOTTIME, {93391, 627330870}) = 0
21566 11:13:25 write(6, "l", 1)         = 1
21566 11:13:25 clock_gettime(CLOCK_BOOTTIME, {93391, 627790260}) = 0
21566 11:13:25 clock_gettime(CLOCK_BOOTTIME, {93391, 627974530}) = 0
21566 11:13:25 select(8, [4 5], [], NULL, NULL) = 1 (in [5])
21566 11:13:25 clock_gettime(CLOCK_BOOTTIME, {93391, 735123983}) = 0
21566 11:13:25 read(5, "s", 16384)      = 1
21566 11:13:25 clock_gettime(CLOCK_BOOTTIME, {93391, 735647790}) = 0
21566 11:13:25 clock_gettime(CLOCK_BOOTTIME, {93391, 735879647}) = 0
21566 11:13:25 select(8, [4 5], [4], NULL, NULL) = 1 (out [4])
21566 11:13:25 clock_gettime(CLOCK_BOOTTIME, {93391, 736408650}) = 0
21566 11:13:25 write(4, "\274\243H>q\343;\270zTG{\317\261\334\320w\352\262R\352\242\373\223>\17n6.\377\223\267"..., 36) = 36
21566 11:13:25 clock_gettime(CLOCK_BOOTTIME, {93391, 736835187}) = 0
21566 11:13:25 clock_gettime(CLOCK_BOOTTIME, {93391, 737103767}) = 0
21566 11:13:25 select(8, [4 5], [], NULL, NULL) = 1 (in [4])
21566 11:13:25 clock_gettime(CLOCK_BOOTTIME, {93391, 737558010}) = 0
21566 11:13:25 read(4, "\234a\335\333)\275\300~\257t\213\3449\222\321k\374r\246U\3\3245Mb\214\t2[\257s\323"..., 8192) = 36
21566 11:13:25 clock_gettime(CLOCK_BOOTTIME, {93391, 737968390}) = 0
21566 11:13:25 clock_gettime(CLOCK_BOOTTIME, {93391, 738258177}) = 0
21566 11:13:25 select(8, [4 5], [6], NULL, NULL) = 1 (out [6])
21566 11:13:25 clock_gettime(CLOCK_BOOTTIME, {93391, 739038633}) = 0
21566 11:13:25 write(6, "s", 1)         = 1
21566 11:13:25 clock_gettime(CLOCK_BOOTTIME, {93391, 739579676}) = 0
21566 11:13:25 clock_gettime(CLOCK_BOOTTIME, {93391, 739768343}) = 0
21566 11:13:25 select(8, [4 5], [], NULL, NULL) = 1 (in [5])
21566 11:13:25 clock_gettime(CLOCK_BOOTTIME, {93391, 870922695}) = 0
21566 11:13:25 read(5, "\r", 16384)     = 1
21566 11:13:25 clock_gettime(CLOCK_BOOTTIME, {93391, 871216729}) = 0
21566 11:13:25 clock_gettime(CLOCK_BOOTTIME, {93391, 871896122}) = 0
21566 11:13:25 select(8, [4 5], [4], NULL, NULL) = 1 (out [4])
21566 11:13:25 clock_gettime(CLOCK_BOOTTIME, {93391, 872331789}) = 0
21566 11:13:25 write(4, "\33w\315\301.\251\204\2217\22\231{*'\260\370Z\267\300w\2456`\273\224d\317t\32V%\7"..., 36) = 36
21566 11:13:25 clock_gettime(CLOCK_BOOTTIME, {93391, 872754768}) = 0
21566 11:13:25 clock_gettime(CLOCK_BOOTTIME, {93391, 872964935}) = 0
21566 11:13:25 select(8, [4 5], [], NULL, NULL) = 1 (in [4])
21566 11:13:25 clock_gettime(CLOCK_BOOTTIME, {93391, 873914378}) = 0
21566 11:13:25 read(4, "\30\35\322<jF\344V\356O\225\363(\205\37MZ\242^/\21283\365l\365\224R\2039_\337"..., 8192) = 36
21566 11:13:25 clock_gettime(CLOCK_BOOTTIME, {93391, 874424305}) = 0
21566 11:13:25 clock_gettime(CLOCK_BOOTTIME, {93391, 874645918}) = 0
21566 11:13:25 select(8, [4 5], [6], NULL, NULL) = 1 (out [6])
21566 11:13:25 clock_gettime(CLOCK_BOOTTIME, {93391, 875237802}) = 0
21566 11:13:25 write(6, "\r\n", 2)      = 2
21566 11:13:25 clock_gettime(CLOCK_BOOTTIME, {93391, 875994525}) = 0
21566 11:13:25 clock_gettime(CLOCK_BOOTTIME, {93391, 876218518}) = 0
21566 11:13:25 select(8, [4 5], [], NULL, NULL) = 1 (in [4])
21566 11:13:25 clock_gettime(CLOCK_BOOTTIME, {93391, 877788085}) = 0
21566 11:13:25 read(4, "\205B\313\330/X\253\216Rm\274\216\351\232\vp%\16\312X0\274\304\260\254xI\31\202W\264\315"..., 8192) = 236
21566 11:13:25 clock_gettime(CLOCK_BOOTTIME, {93391, 878286968}) = 0
21566 11:13:25 clock_gettime(CLOCK_BOOTTIME, {93391, 878488915}) = 0
21566 11:13:25 select(8, [4 5], [6], NULL, NULL) = 1 (out [6])
21566 11:13:25 clock_gettime(CLOCK_BOOTTIME, {93391, 879042271}) = 0
21566 11:13:25 write(6, "\33[0m\33[01;34mflume\33[0m  \33[01;34mf"..., 200) = 200
21566 11:13:25 clock_gettime(CLOCK_BOOTTIME, {93391, 879535555}) = 0
21566 11:13:25 clock_gettime(CLOCK_BOOTTIME, {93391, 879719828}) = 0
21566 11:13:25 select(8, [4 5], [], NULL, NULL) = 1 (in [5])
21566 11:13:29 clock_gettime(CLOCK_BOOTTIME, {93395, 775802653}) = 0
21566 11:13:29 read(5, "c", 16384)      = 1
21566 11:13:29 clock_gettime(CLOCK_BOOTTIME, {93395, 776235962}) = 0
21566 11:13:29 clock_gettime(CLOCK_BOOTTIME, {93395, 776421009}) = 0
21566 11:13:29 select(8, [4 5], [4], NULL, NULL) = 1 (out [4])
21566 11:13:29 clock_gettime(CLOCK_BOOTTIME, {93395, 776818892}) = 0
21566 11:13:29 write(4, "\247&\250zDF\224\205+\366\4\271\252\271\240,\2229\266\277<wm#C?\242D\300\n\t\346"..., 36) = 36
21566 11:13:29 clock_gettime(CLOCK_BOOTTIME, {93395, 777297922}) = 0
21566 11:13:29 clock_gettime(CLOCK_BOOTTIME, {93395, 777479139}) = 0
21566 11:13:29 select(8, [4 5], [], NULL, NULL) = 1 (in [4])
21566 11:13:29 clock_gettime(CLOCK_BOOTTIME, {93395, 777955272}) = 0
21566 11:13:29 read(4, "\0323\367i\232\235\24\314\255\250\261\32\311X\335\224\277\4\247\313\317\2\323Zu\263\214#\250\371VU"..., 8192) = 36
21566 11:13:29 clock_gettime(CLOCK_BOOTTIME, {93395, 778445776}) = 0
21566 11:13:29 clock_gettime(CLOCK_BOOTTIME, {93395, 778687102}) = 0
21566 11:13:29 select(8, [4 5], [6], NULL, NULL) = 1 (out [6])
21566 11:13:29 clock_gettime(CLOCK_BOOTTIME, {93395, 779172606}) = 0
21566 11:13:29 write(6, "c", 1)         = 1
21566 11:13:29 clock_gettime(CLOCK_BOOTTIME, {93395, 779620906}) = 0
21566 11:13:29 clock_gettime(CLOCK_BOOTTIME, {93395, 779831122}) = 0
21566 11:13:29 select(8, [4 5], [], NULL, NULL) = 1 (in [5])
21566 11:13:29 clock_gettime(CLOCK_BOOTTIME, {93395, 831495176}) = 0
21566 11:13:29 read(5, "d", 16384)      = 1
21566 11:13:29 clock_gettime(CLOCK_BOOTTIME, {93395, 832053349}) = 0
21566 11:13:29 clock_gettime(CLOCK_BOOTTIME, {93395, 832301059}) = 0
21566 11:13:29 select(8, [4 5], [4], NULL, NULL) = 1 (out [4])
21566 11:13:29 clock_gettime(CLOCK_BOOTTIME, {93395, 832779646}) = 0
21566 11:13:29 write(4, "\220\376\305\301/\2\363\301N\277\205\22\257mv\351>\331\306O\225'~y\311\265\342\7\230At\210"..., 36) = 36
21566 11:13:29 clock_gettime(CLOCK_BOOTTIME, {93395, 833345209}) = 0
21566 11:13:29 clock_gettime(CLOCK_BOOTTIME, {93395, 833652529}) = 0
21566 11:13:29 select(8, [4 5], [], NULL, NULL) = 1 (in [4])
21566 11:13:29 clock_gettime(CLOCK_BOOTTIME, {93395, 834210589}) = 0
21566 11:13:29 read(4, "\2248\370j\2025S\17GTz\213%\311\306,\201\f\234|\273QT\272\224\352\343\372\327\242\246\""..., 8192) = 36
21566 11:13:29 clock_gettime(CLOCK_BOOTTIME, {93395, 834713679}) = 0
21566 11:13:29 clock_gettime(CLOCK_BOOTTIME, {93395, 834993969}) = 0
21566 11:13:29 select(8, [4 5], [6], NULL, NULL) = 1 (out [6])
21566 11:13:29 clock_gettime(CLOCK_BOOTTIME, {93395, 835677026}) = 0
21566 11:13:29 write(6, "d", 1)         = 1
21566 11:13:29 clock_gettime(CLOCK_BOOTTIME, {93395, 836289946}) = 0
21566 11:13:29 clock_gettime(CLOCK_BOOTTIME, {93395, 836537049}) = 0
21566 11:13:29 select(8, [4 5], [], NULL, NULL) = 1 (in [5])
21566 11:13:29 clock_gettime(CLOCK_BOOTTIME, {93395, 943710959}) = 0
21566 11:13:29 read(5, " ", 16384)      = 1
21566 11:13:29 clock_gettime(CLOCK_BOOTTIME, {93395, 944278136}) = 0
21566 11:13:29 clock_gettime(CLOCK_BOOTTIME, {93395, 944518246}) = 0
21566 11:13:29 select(8, [4 5], [4], NULL, NULL) = 1 (out [4])
21566 11:13:29 clock_gettime(CLOCK_BOOTTIME, {93395, 945272899}) = 0
21566 11:13:29 write(4, "\"\257<\212\303\271j=\350\347`\22(\272\313\243\205j_\232_\232#\344x\252j\364;q\360D"..., 36) = 36
21566 11:13:29 clock_gettime(CLOCK_BOOTTIME, {93395, 945785552}) = 0
21566 11:13:29 clock_gettime(CLOCK_BOOTTIME, {93395, 945976212}) = 0
21566 11:13:29 select(8, [4 5], [], NULL, NULL) = 1 (in [4])
21566 11:13:29 clock_gettime(CLOCK_BOOTTIME, {93395, 946453402}) = 0
21566 11:13:29 read(4, "\3\327EZ\267|\246H$\273\205\325\7E\2032N\230\304\241I\304[\345'.\3i\276\317\34\300"..., 8192) = 36
21566 11:13:29 clock_gettime(CLOCK_BOOTTIME, {93395, 946864082}) = 0
21566 11:13:29 clock_gettime(CLOCK_BOOTTIME, {93395, 947147426}) = 0
21566 11:13:29 select(8, [4 5], [6], NULL, NULL) = 1 (out [6])
21566 11:13:29 clock_gettime(CLOCK_BOOTTIME, {93395, 947566432}) = 0
21566 11:13:29 write(6, " ", 1)         = 1
21566 11:13:29 clock_gettime(CLOCK_BOOTTIME, {93395, 948147376}) = 0
21566 11:13:29 clock_gettime(CLOCK_BOOTTIME, {93395, 948312202}) = 0
21566 11:13:29 select(8, [4 5], [], NULL, NULL) = 1 (in [5])
21566 11:13:29 clock_gettime(CLOCK_BOOTTIME, {93396, 152314053}) = 0
21566 11:13:29 read(5, "l", 16384)      = 1
21566 11:13:29 clock_gettime(CLOCK_BOOTTIME, {93396, 152801493}) = 0
21566 11:13:29 clock_gettime(CLOCK_BOOTTIME, {93396, 153113003}) = 0
21566 11:13:29 select(8, [4 5], [4], NULL, NULL) = 1 (out [4])
21566 11:13:29 clock_gettime(CLOCK_BOOTTIME, {93396, 153597613}) = 0
21566 11:13:29 write(4, "\33,$\273r\262\326]\204I+\220\10\342\25'.\247 \217\213\211|\25\306\351\270\222K\327\27\311"..., 36) = 36
21566 11:13:29 clock_gettime(CLOCK_BOOTTIME, {93396, 154126867}) = 0
21566 11:13:29 clock_gettime(CLOCK_BOOTTIME, {93396, 154505527}) = 0
21566 11:13:29 select(8, [4 5], [], NULL, NULL) = 1 (in [4])
21566 11:13:29 clock_gettime(CLOCK_BOOTTIME, {93396, 154938633}) = 0
21566 11:13:29 read(4, "\227\220\315\4\315|\332\37\3259D\340\262-\20O!\23\2740\32\225\212)f\2432\265|\270:_"..., 8192) = 36
21566 11:13:29 clock_gettime(CLOCK_BOOTTIME, {93396, 155385550}) = 0
21566 11:13:29 clock_gettime(CLOCK_BOOTTIME, {93396, 155582013}) = 0
21566 11:13:29 select(8, [4 5], [6], NULL, NULL) = 1 (out [6])
21566 11:13:29 clock_gettime(CLOCK_BOOTTIME, {93396, 156028207}) = 0
21566 11:13:29 write(6, "l", 1)         = 1
21566 11:13:29 clock_gettime(CLOCK_BOOTTIME, {93396, 156489886}) = 0
21566 11:13:29 clock_gettime(CLOCK_BOOTTIME, {93396, 156669900}) = 0
21566 11:13:29 select(8, [4 5], [], NULL, NULL) = 1 (in [5])
21566 11:13:29 clock_gettime(CLOCK_BOOTTIME, {93396, 295883092}) = 0
21566 11:13:29 read(5, "o", 16384)      = 1
21566 11:13:29 clock_gettime(CLOCK_BOOTTIME, {93396, 296365285}) = 0
21566 11:13:29 clock_gettime(CLOCK_BOOTTIME, {93396, 296581148}) = 0
21566 11:13:29 select(8, [4 5], [4], NULL, NULL) = 1 (out [4])
21566 11:13:29 clock_gettime(CLOCK_BOOTTIME, {93396, 296984125}) = 0
21566 11:13:29 write(4, "\255\271\346\260\34\263\16\1K\36\256\361\337\201\20ox7\217\320\314W\212\217\204\206\260)4$\251\223"..., 36) = 36
21566 11:13:29 clock_gettime(CLOCK_BOOTTIME, {93396, 297458461}) = 0
21566 11:13:29 clock_gettime(CLOCK_BOOTTIME, {93396, 297630808}) = 0
21566 11:13:29 select(8, [4 5], [], NULL, NULL) = 1 (in [4])
21566 11:13:29 clock_gettime(CLOCK_BOOTTIME, {93396, 298148178}) = 0
21566 11:13:29 read(4, "%:\r(\372\334\21\264\222%\213\10\370\234~f\327\0267\315,7\341\211\331\262\302z\345\201\235\261"..., 8192) = 36
21566 11:13:29 clock_gettime(CLOCK_BOOTTIME, {93396, 298576131}) = 0
21566 11:13:29 clock_gettime(CLOCK_BOOTTIME, {93396, 298758568}) = 0
21566 11:13:29 select(8, [4 5], [6], NULL, NULL) = 1 (out [6])
21566 11:13:29 clock_gettime(CLOCK_BOOTTIME, {93396, 299194965}) = 0
21566 11:13:29 write(6, "o", 1)         = 1
21566 11:13:29 clock_gettime(CLOCK_BOOTTIME, {93396, 299742841}) = 0
21566 11:13:29 clock_gettime(CLOCK_BOOTTIME, {93396, 299936505}) = 0
21566 11:13:29 select(8, [4 5], [], NULL, NULL) = 1 (in [5])
21566 11:13:30 clock_gettime(CLOCK_BOOTTIME, {93396, 423778511}) = 0
21566 11:13:30 read(5, "g", 16384)      = 1
21566 11:13:30 clock_gettime(CLOCK_BOOTTIME, {93396, 424474601}) = 0
21566 11:13:30 clock_gettime(CLOCK_BOOTTIME, {93396, 424671111}) = 0
21566 11:13:30 select(8, [4 5], [4], NULL, NULL) = 1 (out [4])
21566 11:13:30 clock_gettime(CLOCK_BOOTTIME, {93396, 425314177}) = 0
21566 11:13:30 write(4, "\220u\340e\346\373!\3\245\265;\355+\rKx\202\2\34\220*bl\246\252\200\350\372\377}\27\372"..., 36) = 36
21566 11:13:30 clock_gettime(CLOCK_BOOTTIME, {93396, 425858234}) = 0
21566 11:13:30 clock_gettime(CLOCK_BOOTTIME, {93396, 426221874}) = 0
21566 11:13:30 select(8, [4 5], [], NULL, NULL) = 1 (in [4])
21566 11:13:30 clock_gettime(CLOCK_BOOTTIME, {93396, 426758564}) = 0
21566 11:13:30 read(4, "X\217k\364\23\241|jq;39\302#_wX\6\377\26\311Ex\375\310\216>1\351\31\340\341"..., 8192) = 36
21566 11:13:30 clock_gettime(CLOCK_BOOTTIME, {93396, 427258184}) = 0
21566 11:13:30 clock_gettime(CLOCK_BOOTTIME, {93396, 427465767}) = 0
21566 11:13:30 select(8, [4 5], [6], NULL, NULL) = 1 (out [6])
21566 11:13:30 clock_gettime(CLOCK_BOOTTIME, {93396, 427917867}) = 0
21566 11:13:30 write(6, "g", 1)         = 1
21566 11:13:30 clock_gettime(CLOCK_BOOTTIME, {93396, 428630160}) = 0
21566 11:13:30 clock_gettime(CLOCK_BOOTTIME, {93396, 428909614}) = 0
21566 11:13:30 select(8, [4 5], [], NULL, NULL) = 1 (in [5])
21566 11:13:30 clock_gettime(CLOCK_BOOTTIME, {93396, 567084685}) = 0
21566 11:13:30 read(5, "s", 16384)      = 1
21566 11:13:30 clock_gettime(CLOCK_BOOTTIME, {93396, 567934825}) = 0
21566 11:13:30 clock_gettime(CLOCK_BOOTTIME, {93396, 568492319}) = 0
21566 11:13:30 select(8, [4 5], [4], NULL, NULL) = 1 (out [4])
21566 11:13:30 clock_gettime(CLOCK_BOOTTIME, {93396, 568949732}) = 0
21566 11:13:30 write(4, "\3411\377\230/\363\"X\226\266{]\337\221\245\243\n1\367\211#{i\352\23\22\271\335\2\275Z\206"..., 36) = 36
21566 11:13:30 clock_gettime(CLOCK_BOOTTIME, {93396, 569525435}) = 0
21566 11:13:30 clock_gettime(CLOCK_BOOTTIME, {93396, 569760735}) = 0
21566 11:13:30 select(8, [4 5], [], NULL, NULL) = 1 (in [4])
21566 11:13:30 clock_gettime(CLOCK_BOOTTIME, {93396, 570136399}) = 0
21566 11:13:30 read(4, "|i>\360\226\204\35\265\20\266\337\177u\332\236\337z|\\\210\262\303:\300\3D\223\362\5\253^0"..., 8192) = 36
21566 11:13:30 clock_gettime(CLOCK_BOOTTIME, {93396, 570369452}) = 0
21566 11:13:30 clock_gettime(CLOCK_BOOTTIME, {93396, 570469385}) = 0
21566 11:13:30 select(8, [4 5], [6], NULL, NULL) = 1 (out [6])
21566 11:13:30 clock_gettime(CLOCK_BOOTTIME, {93396, 570693408}) = 0
21566 11:13:30 write(6, "s", 1)         = 1
21566 11:13:30 clock_gettime(CLOCK_BOOTTIME, {93396, 571172205}) = 0
21566 11:13:30 clock_gettime(CLOCK_BOOTTIME, {93396, 571290745}) = 0
21566 11:13:30 select(8, [4 5], [], NULL, NULL) = 1 (in [5])
21566 11:13:30 clock_gettime(CLOCK_BOOTTIME, {93396, 750972061}) = 0
21566 11:13:30 read(5, "\r", 16384)     = 1
21566 11:13:30 clock_gettime(CLOCK_BOOTTIME, {93396, 751496718}) = 0
21566 11:13:30 clock_gettime(CLOCK_BOOTTIME, {93396, 751738854}) = 0
21566 11:13:30 select(8, [4 5], [4], NULL, NULL) = 1 (out [4])
21566 11:13:30 clock_gettime(CLOCK_BOOTTIME, {93396, 752246388}) = 0
21566 11:13:30 write(4, "\31\241\207\342~68S\224A\2605\264\352\275\30\271\275\305\vJ\263o&\5\363\252\201lZf\233"..., 36) = 36
21566 11:13:30 clock_gettime(CLOCK_BOOTTIME, {93396, 752713408}) = 0
21566 11:13:30 clock_gettime(CLOCK_BOOTTIME, {93396, 752888158}) = 0
21566 11:13:30 select(8, [4 5], [], NULL, NULL) = 1 (in [4])
21566 11:13:30 clock_gettime(CLOCK_BOOTTIME, {93396, 753550158}) = 0
21566 11:13:30 read(4, "\346\345\317R[\370\224\364\301[-\317\352\344K\225\0244\251\273\255\317VZo\f\202U\26h\v\377"..., 8192) = 60
21566 11:13:30 clock_gettime(CLOCK_BOOTTIME, {93396, 753962278}) = 0
21566 11:13:30 clock_gettime(CLOCK_BOOTTIME, {93396, 754178814}) = 0
21566 11:13:30 select(8, [4 5], [6], NULL, NULL) = 1 (out [6])
21566 11:13:30 clock_gettime(CLOCK_BOOTTIME, {93396, 754586068}) = 0
21566 11:13:30 write(6, "\r\n[root@live_proxy logs]# ", 26) = 26
21566 11:13:30 clock_gettime(CLOCK_BOOTTIME, {93396, 755119291}) = 0
21566 11:13:30 clock_gettime(CLOCK_BOOTTIME, {93396, 755316801}) = 0
21566 11:13:30 select(8, [4 5], [], NULL, NULL) = 1 (in [5])
21566 11:13:30 clock_gettime(CLOCK_BOOTTIME, {93396, 945675033}) = 0
21566 11:13:30 read(5, "l", 16384)      = 1
21566 11:13:30 clock_gettime(CLOCK_BOOTTIME, {93396, 946125429}) = 0
21566 11:13:30 clock_gettime(CLOCK_BOOTTIME, {93396, 946320203}) = 0
21566 11:13:30 select(8, [4 5], [4], NULL, NULL) = 1 (out [4])
21566 11:13:30 clock_gettime(CLOCK_BOOTTIME, {93396, 946846336}) = 0
21566 11:13:30 write(4, "G\21\262o3\6\310$\r\320\17\360z\375.\345=\364\230\356\2\314\200m%XFFh\344\260\361"..., 36) = 36
21566 11:13:30 clock_gettime(CLOCK_BOOTTIME, {93396, 947389189}) = 0
21566 11:13:30 clock_gettime(CLOCK_BOOTTIME, {93396, 947614549}) = 0
21566 11:13:30 select(8, [4 5], [], NULL, NULL) = 1 (in [4])
21566 11:13:30 clock_gettime(CLOCK_BOOTTIME, {93396, 948184339}) = 0
21566 11:13:30 read(4, "\205h\2710\352J0\331%#\320\25)\325>\266rt\210~\17MLzS\315J\245f\341\323\\"..., 8192) = 36
21566 11:13:30 clock_gettime(CLOCK_BOOTTIME, {93396, 948648289}) = 0
21566 11:13:30 clock_gettime(CLOCK_BOOTTIME, {93396, 948843553}) = 0
21566 11:13:30 select(8, [4 5], [6], NULL, NULL) = 1 (out [6])
21566 11:13:30 clock_gettime(CLOCK_BOOTTIME, {93396, 949340446}) = 0
21566 11:13:30 write(6, "l", 1)         = 1
21566 11:13:30 clock_gettime(CLOCK_BOOTTIME, {93396, 949861586}) = 0
21566 11:13:30 clock_gettime(CLOCK_BOOTTIME, {93396, 950104949}) = 0
21566 11:13:30 select(8, [4 5], [], NULL, NULL) = 1 (in [5])
21566 11:13:30 clock_gettime(CLOCK_BOOTTIME, {93397, 47888460}) = 0
21566 11:13:30 read(5, "s", 16384)      = 1
21566 11:13:30 clock_gettime(CLOCK_BOOTTIME, {93397, 48435373}) = 0
21566 11:13:30 clock_gettime(CLOCK_BOOTTIME, {93397, 48768607}) = 0
21566 11:13:30 select(8, [4 5], [4], NULL, NULL) = 1 (out [4])
21566 11:13:30 clock_gettime(CLOCK_BOOTTIME, {93397, 49421123}) = 0
21566 11:13:30 write(4, "CB\302i\314pUt\327\253<\6\365\371\206Sc\203e_\255\37FrY\371\363\306\206II\302"..., 36) = 36
21566 11:13:30 clock_gettime(CLOCK_BOOTTIME, {93397, 50418743}) = 0
21566 11:13:30 clock_gettime(CLOCK_BOOTTIME, {93397, 50743483}) = 0
21566 11:13:30 select(8, [4 5], [], NULL, NULL) = 1 (in [4])
21566 11:13:30 clock_gettime(CLOCK_BOOTTIME, {93397, 51207253}) = 0
21566 11:13:30 read(4, "5\340\20\372\240\227A\5\267\270DP\333\35\25\3\221\326\302VB\275\263_\303\253E\327\34Og\312"..., 8192) = 36
21566 11:13:30 clock_gettime(CLOCK_BOOTTIME, {93397, 51895903}) = 0
21566 11:13:30 clock_gettime(CLOCK_BOOTTIME, {93397, 52115263}) = 0
21566 11:13:30 select(8, [4 5], [6], NULL, NULL) = 1 (out [6])
21566 11:13:30 clock_gettime(CLOCK_BOOTTIME, {93397, 52612053}) = 0
21566 11:13:30 write(6, "s", 1)         = 1
21566 11:13:30 clock_gettime(CLOCK_BOOTTIME, {93397, 53234473}) = 0
21566 11:13:30 clock_gettime(CLOCK_BOOTTIME, {93397, 53376180}) = 0
21566 11:13:30 select(8, [4 5], [], NULL, NULL) = 1 (in [5])
21566 11:13:30 clock_gettime(CLOCK_BOOTTIME, {93397, 151741914}) = 0
21566 11:13:30 read(5, "\r", 16384)     = 1
21566 11:13:30 clock_gettime(CLOCK_BOOTTIME, {93397, 152388870}) = 0
21566 11:13:30 clock_gettime(CLOCK_BOOTTIME, {93397, 152722410}) = 0
21566 11:13:30 select(8, [4 5], [4], NULL, NULL) = 1 (out [4])
21566 11:13:30 clock_gettime(CLOCK_BOOTTIME, {93397, 153305080}) = 0
21566 11:13:30 write(4, "\305\215K)Z\223\321e`\331:q\331\266\374\207\4g\227\242E\17A\262\0235\221\301\353\362D:"..., 36) = 36
21566 11:13:30 clock_gettime(CLOCK_BOOTTIME, {93397, 153916454}) = 0
21566 11:13:30 clock_gettime(CLOCK_BOOTTIME, {93397, 154222867}) = 0
21566 11:13:30 select(8, [4 5], [], NULL, NULL) = 1 (in [4])
21566 11:13:30 clock_gettime(CLOCK_BOOTTIME, {93397, 155176237}) = 0
21566 11:13:30 read(4, "\22\340\5S\233p\207i\16%\\\32~\222&\207\375\26W\212\273 ;\325N/\366@\264\334\371\231"..., 8192) = 36
21566 11:13:30 clock_gettime(CLOCK_BOOTTIME, {93397, 155908547}) = 0
21566 11:13:30 clock_gettime(CLOCK_BOOTTIME, {93397, 156231047}) = 0
21566 11:13:30 select(8, [4 5], [6], NULL, NULL) = 1 (out [6])
21566 11:13:30 clock_gettime(CLOCK_BOOTTIME, {93397, 156735214}) = 0
21566 11:13:30 write(6, "\r\n", 2)      = 2
21566 11:13:30 clock_gettime(CLOCK_BOOTTIME, {93397, 157467943}) = 0
21566 11:13:30 clock_gettime(CLOCK_BOOTTIME, {93397, 157692703}) = 0
21566 11:13:30 select(8, [4 5], [], NULL, NULL) = 1 (in [4])
21566 11:13:30 clock_gettime(CLOCK_BOOTTIME, {93397, 159674570}) = 0
21566 11:13:30 read(4, "W\376l\252MM\246\324\347\267Y_\307!\3\3044\267\343\302\2239m\36\23\213\6D\246\323\203\301"..., 8192) = 68
21566 11:13:30 clock_gettime(CLOCK_BOOTTIME, {93397, 160309677}) = 0
21566 11:13:30 clock_gettime(CLOCK_BOOTTIME, {93397, 160547170}) = 0
21566 11:13:30 select(8, [4 5], [6], NULL, NULL) = 2 (in [4], out [6])
21566 11:13:30 clock_gettime(CLOCK_BOOTTIME, {93397, 160940077}) = 0
21566 11:13:30 write(6, "argus-business.log  flume.log\r\n", 31) = 31
21566 11:13:30 read(4, "\7\304\21q1\223\2130\367\nd_\367w\10z\212\202DF\324\330\264Y1g\370\353:\321\216\32"..., 8192) = 60
21566 11:13:30 clock_gettime(CLOCK_BOOTTIME, {93397, 161940437}) = 0
21566 11:13:30 clock_gettime(CLOCK_BOOTTIME, {93397, 162206440}) = 0
21566 11:13:30 select(8, [4 5], [6], NULL, NULL) = 1 (out [6])
21566 11:13:30 clock_gettime(CLOCK_BOOTTIME, {93397, 162675983}) = 0
21566 11:13:30 write(6, "[root@live_proxy logs]# ", 24) = 24
21566 11:13:30 clock_gettime(CLOCK_BOOTTIME, {93397, 163351623}) = 0
21566 11:13:30 clock_gettime(CLOCK_BOOTTIME, {93397, 163549126}) = 0
21566 11:13:30 select(8, [4 5], [], NULL, NULL) = 1 (in [5])
21566 11:13:31 clock_gettime(CLOCK_BOOTTIME, {93397, 663771290}) = 0
21566 11:13:31 read(5, "c", 16384)      = 1
21566 11:13:31 clock_gettime(CLOCK_BOOTTIME, {93397, 664473903}) = 0
21566 11:13:31 clock_gettime(CLOCK_BOOTTIME, {93397, 664838080}) = 0
21566 11:13:31 select(8, [4 5], [4], NULL, NULL) = 1 (out [4])
21566 11:13:31 clock_gettime(CLOCK_BOOTTIME, {93397, 665558917}) = 0
21566 11:13:31 write(4, "\310B\230\330~\326r\23\312*\353\23\307\375\256\313\253Z\312\210}\204\235\36\3622\"\301up:\3"..., 36) = 36
21566 11:13:31 clock_gettime(CLOCK_BOOTTIME, {93397, 666323790}) = 0
21566 11:13:31 clock_gettime(CLOCK_BOOTTIME, {93397, 666640870}) = 0
21566 11:13:31 select(8, [4 5], [], NULL, NULL) = 1 (in [4])
21566 11:13:31 clock_gettime(CLOCK_BOOTTIME, {93397, 667207560}) = 0
21566 11:13:31 read(4, "\310\351\276&#)\205$\203\242\312\271\344\25RS\216\245sm\352\214G\323\"\32\262\242\10\274\253\246"..., 8192) = 36
21566 11:13:31 clock_gettime(CLOCK_BOOTTIME, {93397, 667778706}) = 0
21566 11:13:31 clock_gettime(CLOCK_BOOTTIME, {93397, 668106196}) = 0
21566 11:13:31 select(8, [4 5], [6], NULL, NULL) = 1 (out [6])
21566 11:13:31 clock_gettime(CLOCK_BOOTTIME, {93397, 668747603}) = 0
21566 11:13:31 write(6, "c", 1)         = 1
21566 11:13:31 clock_gettime(CLOCK_BOOTTIME, {93397, 669258620}) = 0
21566 11:13:31 clock_gettime(CLOCK_BOOTTIME, {93397, 669486840}) = 0
21566 11:13:31 select(8, [4 5], [], NULL, NULL) = 1 (in [5])
21566 11:13:31 clock_gettime(CLOCK_BOOTTIME, {93397, 744849282}) = 0
21566 11:13:31 read(5, "a", 16384)      = 1
21566 11:13:31 clock_gettime(CLOCK_BOOTTIME, {93397, 745443405}) = 0
21566 11:13:31 clock_gettime(CLOCK_BOOTTIME, {93397, 745547088}) = 0
21566 11:13:31 select(8, [4 5], [4], NULL, NULL) = 1 (out [4])
21566 11:13:31 clock_gettime(CLOCK_BOOTTIME, {93397, 745929252}) = 0
21566 11:13:31 write(4, "g\27\235P\3\t\30\234z\230Er?\227;\317\257\24\371\24T`I\22R\343}\n\232r\0373"..., 36) = 36
21566 11:13:31 clock_gettime(CLOCK_BOOTTIME, {93397, 746457365}) = 0
21566 11:13:31 clock_gettime(CLOCK_BOOTTIME, {93397, 746756032}) = 0
21566 11:13:31 select(8, [4 5], [], NULL, NULL) = 1 (in [4])
21566 11:13:31 clock_gettime(CLOCK_BOOTTIME, {93397, 747364192}) = 0
21566 11:13:31 read(4, "\1e\6\32\31\320\236tb\\\22\322(\242\236\227\201cw\202\254Ex\303Q\2759\32;\16\354x"..., 8192) = 36
21566 11:13:31 clock_gettime(CLOCK_BOOTTIME, {93397, 747838392}) = 0
21566 11:13:31 clock_gettime(CLOCK_BOOTTIME, {93397, 748105492}) = 0
21566 11:13:31 select(8, [4 5], [6], NULL, NULL) = 1 (out [6])
21566 11:13:31 clock_gettime(CLOCK_BOOTTIME, {93397, 748573212}) = 0
21566 11:13:31 write(6, "a", 1)         = 1
21566 11:13:31 clock_gettime(CLOCK_BOOTTIME, {93397, 749130668}) = 0
21566 11:13:31 clock_gettime(CLOCK_BOOTTIME, {93397, 749329445}) = 0
21566 11:13:31 select(8, [4 5], [], NULL, NULL) = 1 (in [5])
21566 11:13:31 clock_gettime(CLOCK_BOOTTIME, {93397, 919673665}) = 0
21566 11:13:31 read(5, "t", 16384)      = 1
21566 11:13:31 clock_gettime(CLOCK_BOOTTIME, {93397, 920050971}) = 0
21566 11:13:31 clock_gettime(CLOCK_BOOTTIME, {93397, 920292461}) = 0
21566 11:13:31 select(8, [4 5], [4], NULL, NULL) = 1 (out [4])
21566 11:13:31 clock_gettime(CLOCK_BOOTTIME, {93397, 920732385}) = 0
21566 11:13:31 write(4, "\244\\\367\362\254\0c\334\33\264\243}\301K\325\34\t\263=\254C\3219\321\312\3136\33\376\357\353\222"..., 36) = 36
21566 11:13:31 clock_gettime(CLOCK_BOOTTIME, {93397, 921109328}) = 0
21566 11:13:31 clock_gettime(CLOCK_BOOTTIME, {93397, 921258901}) = 0
21566 11:13:31 select(8, [4 5], [], NULL, NULL) = 1 (in [4])
21566 11:13:31 clock_gettime(CLOCK_BOOTTIME, {93397, 921626698}) = 0
21566 11:13:31 read(4, "IF6~\341\204~\372\232\313Mmv0\27%\3767\343\260\360\31\375\267\273\345==j\10>R"..., 8192) = 36
21566 11:13:31 clock_gettime(CLOCK_BOOTTIME, {93397, 921896021}) = 0
21566 11:13:31 clock_gettime(CLOCK_BOOTTIME, {93397, 922043341}) = 0
21566 11:13:31 select(8, [4 5], [6], NULL, NULL) = 1 (out [6])
21566 11:13:31 clock_gettime(CLOCK_BOOTTIME, {93397, 922589478}) = 0
21566 11:13:31 write(6, "t", 1)         = 1
21566 11:13:31 clock_gettime(CLOCK_BOOTTIME, {93397, 923256641}) = 0
21566 11:13:31 clock_gettime(CLOCK_BOOTTIME, {93397, 923495158}) = 0
21566 11:13:31 select(8, [4 5], [], NULL, NULL) = 1 (in [5])
21566 11:13:31 clock_gettime(CLOCK_BOOTTIME, {93398, 78878195}) = 0
21566 11:13:31 read(5, " ", 16384)      = 1
21566 11:13:31 clock_gettime(CLOCK_BOOTTIME, {93398, 79383719}) = 0
21566 11:13:31 clock_gettime(CLOCK_BOOTTIME, {93398, 79588182}) = 0
21566 11:13:31 select(8, [4 5], [4], NULL, NULL) = 1 (out [4])
21566 11:13:31 clock_gettime(CLOCK_BOOTTIME, {93398, 80130225}) = 0
21566 11:13:31 write(4, "\2677R\332\225\220%\274\177<G2\262\247-\250\302V_\265\222>\320Z\17\252\364C\312\304\2\324"..., 36) = 36
21566 11:13:31 clock_gettime(CLOCK_BOOTTIME, {93398, 80626612}) = 0
21566 11:13:31 clock_gettime(CLOCK_BOOTTIME, {93398, 80989465}) = 0
21566 11:13:31 select(8, [4 5], [], NULL, NULL) = 1 (in [4])
21566 11:13:31 clock_gettime(CLOCK_BOOTTIME, {93398, 81451188}) = 0
21566 11:13:31 read(4, "\334U\324\264\204/X\345\261$\0032\4\366\377ib\2\224\237 Cq\241v\273\312\263g\324\353\210"..., 8192) = 36
21566 11:13:31 clock_gettime(CLOCK_BOOTTIME, {93398, 81909308}) = 0
21566 11:13:31 clock_gettime(CLOCK_BOOTTIME, {93398, 82119342}) = 0
21566 11:13:31 select(8, [4 5], [6], NULL, NULL) = 1 (out [6])
21566 11:13:31 clock_gettime(CLOCK_BOOTTIME, {93398, 82652195}) = 0
21566 11:13:31 write(6, " ", 1)         = 1
21566 11:13:31 clock_gettime(CLOCK_BOOTTIME, {93398, 83215158}) = 0
21566 11:13:31 clock_gettime(CLOCK_BOOTTIME, {93398, 83653062}) = 0
21566 11:13:31 select(8, [4 5], [], NULL, NULL) = 1 (in [5])
21566 11:13:31 clock_gettime(CLOCK_BOOTTIME, {93398, 167041387}) = 0
21566 11:13:31 read(5, "f", 16384)      = 1
21566 11:13:31 clock_gettime(CLOCK_BOOTTIME, {93398, 167519923}) = 0
21566 11:13:31 clock_gettime(CLOCK_BOOTTIME, {93398, 167706233}) = 0
21566 11:13:31 select(8, [4 5], [4], NULL, NULL) = 1 (out [4])
21566 11:13:31 clock_gettime(CLOCK_BOOTTIME, {93398, 168107503}) = 0
21566 11:13:31 write(4, "\334\365\f\2310\306FD\314\0023\10\237\316\3434*\"\356\16\4\263\16\376/9\336\242\345\263\7\205"..., 36) = 36
21566 11:13:31 clock_gettime(CLOCK_BOOTTIME, {93398, 168705287}) = 0
21566 11:13:31 clock_gettime(CLOCK_BOOTTIME, {93398, 169088057}) = 0
21566 11:13:31 select(8, [4 5], [], NULL, NULL) = 1 (in [4])
21566 11:13:31 clock_gettime(CLOCK_BOOTTIME, {93398, 169501927}) = 0
21566 11:13:31 read(4, "\10c\34\225\370\330\32K\211\335\2\217\7\250T\211\256\0326\3474\316\206\270\257$\316 ,\360\224\274"..., 8192) = 36
21566 11:13:31 clock_gettime(CLOCK_BOOTTIME, {93398, 169921360}) = 0
21566 11:13:31 clock_gettime(CLOCK_BOOTTIME, {93398, 170198386}) = 0
21566 11:13:31 select(8, [4 5], [6], NULL, NULL) = 1 (out [6])
21566 11:13:31 clock_gettime(CLOCK_BOOTTIME, {93398, 170493156}) = 0
21566 11:13:31 write(6, "f", 1)         = 1
21566 11:13:31 clock_gettime(CLOCK_BOOTTIME, {93398, 170814370}) = 0
21566 11:13:31 clock_gettime(CLOCK_BOOTTIME, {93398, 170952673}) = 0
21566 11:13:31 select(8, [4 5], [], NULL, NULL) = 1 (in [5])
21566 11:13:31 clock_gettime(CLOCK_BOOTTIME, {93398, 351639369}) = 0
21566 11:13:31 read(5, "\t", 16384)     = 1
21566 11:13:31 clock_gettime(CLOCK_BOOTTIME, {93398, 352188482}) = 0
21566 11:13:31 clock_gettime(CLOCK_BOOTTIME, {93398, 352413432}) = 0
21566 11:13:31 select(8, [4 5], [4], NULL, NULL) = 1 (out [4])
21566 11:13:31 clock_gettime(CLOCK_BOOTTIME, {93398, 352883519}) = 0
21566 11:13:31 write(4, "\344\10\247\250\361<R\216!\220\2466\351\30\17kB\334\350|\21G/>\223\264\254\352\362\371\334\35"..., 36) = 36
21566 11:13:31 clock_gettime(CLOCK_BOOTTIME, {93398, 353434619}) = 0
21566 11:13:31 clock_gettime(CLOCK_BOOTTIME, {93398, 353710306}) = 0
21566 11:13:31 select(8, [4 5], [], NULL, NULL) = 1 (in [4])
21566 11:13:31 clock_gettime(CLOCK_BOOTTIME, {93398, 363425362}) = 0
21566 11:13:31 read(4, "v\327\301\27\333b\307R\341`9\2250X':2oan\333\\5\22\27\366ouDc\362\367"..., 8192) = 44
21566 11:13:31 clock_gettime(CLOCK_BOOTTIME, {93398, 364082922}) = 0
21566 11:13:31 clock_gettime(CLOCK_BOOTTIME, {93398, 364429582}) = 0
21566 11:13:31 select(8, [4 5], [6], NULL, NULL) = 1 (out [6])
21566 11:13:31 clock_gettime(CLOCK_BOOTTIME, {93398, 364882905}) = 0
21566 11:13:31 write(6, "lume.log ", 9) = 9
21566 11:13:31 clock_gettime(CLOCK_BOOTTIME, {93398, 365470711}) = 0
21566 11:13:31 clock_gettime(CLOCK_BOOTTIME, {93398, 365659565}) = 0
21566 11:13:31 select(8, [4 5], [], NULL, NULL) = 1 (in [5])
21566 11:13:32 clock_gettime(CLOCK_BOOTTIME, {93398, 727693320}) = 0
21566 11:13:32 read(5, "\r", 16384)     = 1
21566 11:13:32 clock_gettime(CLOCK_BOOTTIME, {93398, 728390580}) = 0
21566 11:13:32 clock_gettime(CLOCK_BOOTTIME, {93398, 728602767}) = 0
21566 11:13:32 select(8, [4 5], [4], NULL, NULL) = 1 (out [4])
21566 11:13:32 clock_gettime(CLOCK_BOOTTIME, {93398, 729045536}) = 0
21566 11:13:32 write(4, "\322hk\r\37\277Bh\34\244\230\237\25F\22\353l\252\375\177k\307\33JAa\372\324\300KJ@"..., 36) = 36
21566 11:13:32 clock_gettime(CLOCK_BOOTTIME, {93398, 729581966}) = 0
21566 11:13:32 clock_gettime(CLOCK_BOOTTIME, {93398, 729901433}) = 0
21566 11:13:32 select(8, [4 5], [], NULL, NULL) = 1 (in [4])
21566 11:13:32 clock_gettime(CLOCK_BOOTTIME, {93398, 731661993}) = 0
21566 11:13:32 read(4, "X\222\241\257Dg\251F\265\10\332\320\304Q\35CW\2og\215(\1=\266\225@\207sh\360\302"..., 8192) = 36
21566 11:13:32 clock_gettime(CLOCK_BOOTTIME, {93398, 732393453}) = 0
21566 11:13:32 clock_gettime(CLOCK_BOOTTIME, {93398, 732786796}) = 0
21566 11:13:32 select(8, [4 5], [6], NULL, NULL) = 1 (out [6])
21566 11:13:32 clock_gettime(CLOCK_BOOTTIME, {93398, 733586633}) = 0
21566 11:13:32 write(6, "\r\n", 2)      = 2
21566 11:13:32 clock_gettime(CLOCK_BOOTTIME, {93398, 734348843}) = 0
21566 11:13:32 clock_gettime(CLOCK_BOOTTIME, {93398, 734599689}) = 0
21566 11:13:32 select(8, [4 5], [], NULL, NULL) = 1 (in [4])
21566 11:13:32 clock_gettime(CLOCK_BOOTTIME, {93398, 754980152}) = 0
21566 11:13:32 read(4, "\270yr\271v\304\374\20$\330B\0225\32\200\222)\32\221>>\232L~\36\214\f\16\30X &"..., 8192) = 8192
21566 11:13:32 clock_gettime(CLOCK_BOOTTIME, {93398, 755964745}) = 0
21566 11:13:32 clock_gettime(CLOCK_BOOTTIME, {93398, 756211675}) = 0
21566 11:13:32 select(8, [4 5], [6], NULL, NULL) = 2 (in [4], out [6])
21566 11:13:32 clock_gettime(CLOCK_BOOTTIME, {93398, 756621558}) = 0
21566 11:13:32 write(6, "20 Oct 2017 16:17:29,910 INFO  ["..., 5780) = 5780
21566 11:13:32 read(4, "\207\245\334ReF\t\273\226s\370s\341P\310\34\311B\353\0s\311E\5\223e\340\235\325\361\341\6"..., 8192) = 8192
21566 11:13:32 clock_gettime(CLOCK_BOOTTIME, {93398, 757848788}) = 0
21566 11:13:32 clock_gettime(CLOCK_BOOTTIME, {93398, 758398915}) = 0
21566 11:13:32 select(8, [4 5], [6], NULL, NULL) = 2 (in [4], out [6])
21566 11:13:32 clock_gettime(CLOCK_BOOTTIME, {93398, 758941181}) = 0
21566 11:13:32 write(6, "\r\n20 Oct 2017 16:17:30,584 INFO "..., 9681) = 9681
21566 11:13:32 read(4, "\0038\206|\26\277y\213<^\210\233n\313\35784\220\335\0264`\305T\16U\266\22\271B\307\236"..., 8192) = 8192
21566 11:13:32 clock_gettime(CLOCK_BOOTTIME, {93398, 760032268}) = 0
21566 11:13:32 clock_gettime(CLOCK_BOOTTIME, {93398, 760250398}) = 0
21566 11:13:32 select(8, [4 5], [6], NULL, NULL) = 2 (in [4], out [6])
21566 11:13:32 clock_gettime(CLOCK_BOOTTIME, {93398, 760658808}) = 0
21566 11:13:32 write(6, ".ReliableTaildirEventReader.<ini"..., 7873) = 7873
21566 11:13:32 read(4, "qv\353\217\227/<\225vU\275K\321\f9\2318\371\206\245\350\224\322k\261\322oe\237\35\376\241"..., 8192) = 3280
21566 11:13:32 clock_gettime(CLOCK_BOOTTIME, {93398, 761938125}) = 0
21566 11:13:32 clock_gettime(CLOCK_BOOTTIME, {93398, 762193338}) = 0
21566 11:13:32 select(8, [4 5], [6], NULL, NULL) = 1 (out [6])
21566 11:13:32 clock_gettime(CLOCK_BOOTTIME, {93398, 762790258}) = 0
21566 11:13:32 write(6, "\r\n20 Oct 2017 16:18:18,960 INFO "..., 4146) = 4146
21566 11:13:32 clock_gettime(CLOCK_BOOTTIME, {93398, 763735791}) = 0
21566 11:13:32 clock_gettime(CLOCK_BOOTTIME, {93398, 763930618}) = 0
21566 11:13:32 select(8, [4 5], [], NULL, NULL) = 1 (in [5])
21566 11:13:35 clock_gettime(CLOCK_BOOTTIME, {93402, 303318260}) = 0
21566 11:13:35 read(5, "e", 16384)      = 1
21566 11:13:35 clock_gettime(CLOCK_BOOTTIME, {93402, 303752747}) = 0
21566 11:13:35 clock_gettime(CLOCK_BOOTTIME, {93402, 304148743}) = 0
21566 11:13:35 select(8, [4 5], [4], NULL, NULL) = 1 (out [4])
21566 11:13:35 clock_gettime(CLOCK_BOOTTIME, {93402, 304728023}) = 0
21566 11:13:35 write(4, "\305\35\333;\314\225\350@G\310l\313?\307?\323\252\232\353\333)\336\342\31(\30q\230*a\367\235"..., 36) = 36
21566 11:13:35 clock_gettime(CLOCK_BOOTTIME, {93402, 305202630}) = 0
21566 11:13:35 clock_gettime(CLOCK_BOOTTIME, {93402, 305432420}) = 0
21566 11:13:35 select(8, [4 5], [], NULL, NULL) = 1 (in [4])
21566 11:13:35 clock_gettime(CLOCK_BOOTTIME, {93402, 306106237}) = 0
21566 11:13:35 read(4, "\222\277\23\314\\\272\206\v\342\277\211\275\273\335\340tW\2721\335\331)\353\350{\270\313\346Q&\3063"..., 8192) = 36
21566 11:13:35 clock_gettime(CLOCK_BOOTTIME, {93402, 306495960}) = 0
21566 11:13:35 clock_gettime(CLOCK_BOOTTIME, {93402, 306725137}) = 0
21566 11:13:35 select(8, [4 5], [6], NULL, NULL) = 1 (out [6])
21566 11:13:35 clock_gettime(CLOCK_BOOTTIME, {93402, 307279607}) = 0
21566 11:13:35 write(6, "e", 1)         = 1
21566 11:13:35 clock_gettime(CLOCK_BOOTTIME, {93402, 307825340}) = 0
21566 11:13:35 clock_gettime(CLOCK_BOOTTIME, {93402, 308060643}) = 0
21566 11:13:35 select(8, [4 5], [], NULL, NULL) = 1 (in [5])
21566 11:13:36 clock_gettime(CLOCK_BOOTTIME, {93402, 479753930}) = 0
21566 11:13:36 read(5, "x", 16384)      = 1
21566 11:13:36 clock_gettime(CLOCK_BOOTTIME, {93402, 480242856}) = 0
21566 11:13:36 clock_gettime(CLOCK_BOOTTIME, {93402, 480508676}) = 0
21566 11:13:36 select(8, [4 5], [4], NULL, NULL) = 1 (out [4])
21566 11:13:36 clock_gettime(CLOCK_BOOTTIME, {93402, 480960063}) = 0
21566 11:13:36 write(4, "$l\364\267o\210\2430\267\0 \356\t\24\342\310x\323\0\311xi\325^U\342\355I\217}\303\365"..., 36) = 36
21566 11:13:36 clock_gettime(CLOCK_BOOTTIME, {93402, 481459139}) = 0
21566 11:13:36 clock_gettime(CLOCK_BOOTTIME, {93402, 481888746}) = 0
21566 11:13:36 select(8, [4 5], [], NULL, NULL) = 1 (in [4])
21566 11:13:36 clock_gettime(CLOCK_BOOTTIME, {93402, 482344066}) = 0
21566 11:13:36 read(4, "\231\3G\304\233~\177\326\335{Wf\25\241\352Fbku\256\227]\t1V|\207\37\t\210\260\365"..., 8192) = 36
21566 11:13:36 clock_gettime(CLOCK_BOOTTIME, {93402, 482849959}) = 0
21566 11:13:36 clock_gettime(CLOCK_BOOTTIME, {93402, 483223983}) = 0
21566 11:13:36 select(8, [4 5], [6], NULL, NULL) = 1 (out [6])
21566 11:13:36 clock_gettime(CLOCK_BOOTTIME, {93402, 483714849}) = 0
21566 11:13:36 write(6, "x", 1)         = 1
21566 11:13:36 clock_gettime(CLOCK_BOOTTIME, {93402, 484269506}) = 0
21566 11:13:36 clock_gettime(CLOCK_BOOTTIME, {93402, 484485466}) = 0
21566 11:13:36 select(8, [4 5], [], NULL, NULL) = 1 (in [5])
21566 11:13:36 clock_gettime(CLOCK_BOOTTIME, {93402, 591690150}) = 0
21566 11:13:36 read(5, "i", 16384)      = 1
21566 11:13:36 clock_gettime(CLOCK_BOOTTIME, {93402, 592280216}) = 0
21566 11:13:36 clock_gettime(CLOCK_BOOTTIME, {93402, 592843233}) = 0
21566 11:13:36 select(8, [4 5], [4], NULL, NULL) = 1 (out [4])
21566 11:13:36 clock_gettime(CLOCK_BOOTTIME, {93402, 593411646}) = 0
21566 11:13:36 write(4, "_ G\217\234\245\275X\27\304uj\36.e\22\316\267\0037\306\335K\356\325>\2666\207\4\343\333"..., 36) = 36
21566 11:13:36 clock_gettime(CLOCK_BOOTTIME, {93402, 594200313}) = 0
21566 11:13:36 clock_gettime(CLOCK_BOOTTIME, {93402, 594487423}) = 0
21566 11:13:36 select(8, [4 5], [], NULL, NULL) = 1 (in [4])
21566 11:13:36 clock_gettime(CLOCK_BOOTTIME, {93402, 595126596}) = 0
21566 11:13:36 read(4, "\237\5A\337\306\370x;\357<n#Jf\n.\v\322\335\312\216\324\203\0NE{\37\221W\311\257"..., 8192) = 36
21566 11:13:36 clock_gettime(CLOCK_BOOTTIME, {93402, 595644419}) = 0
21566 11:13:36 clock_gettime(CLOCK_BOOTTIME, {93402, 595877556}) = 0
21566 11:13:36 select(8, [4 5], [6], NULL, NULL) = 1 (out [6])
21566 11:13:36 clock_gettime(CLOCK_BOOTTIME, {93402, 596419069}) = 0
21566 11:13:36 write(6, "i", 1)         = 1
21566 11:13:36 clock_gettime(CLOCK_BOOTTIME, {93402, 597073343}) = 0
21566 11:13:36 clock_gettime(CLOCK_BOOTTIME, {93402, 597280893}) = 0
21566 11:13:36 select(8, [4 5], [], NULL, NULL) = 1 (in [5])
21566 11:13:36 clock_gettime(CLOCK_BOOTTIME, {93402, 729498861}) = 0
21566 11:13:36 read(5, "t", 16384)      = 1
21566 11:13:36 clock_gettime(CLOCK_BOOTTIME, {93402, 730021748}) = 0
21566 11:13:36 clock_gettime(CLOCK_BOOTTIME, {93402, 730261911}) = 0
21566 11:13:36 select(8, [4 5], [4], NULL, NULL) = 1 (out [4])
21566 11:13:36 clock_gettime(CLOCK_BOOTTIME, {93402, 730915791}) = 0
21566 11:13:36 write(4, "\31')\201\265\201\n\216@\256\346\351\230?\374[:\202\255\220\315\215\236l\310s\345\32j\216g\332"..., 36) = 36
21566 11:13:36 clock_gettime(CLOCK_BOOTTIME, {93402, 731525785}) = 0
21566 11:13:36 clock_gettime(CLOCK_BOOTTIME, {93402, 731944028}) = 0
21566 11:13:36 select(8, [4 5], [], NULL, NULL) = 1 (in [4])
21566 11:13:36 clock_gettime(CLOCK_BOOTTIME, {93402, 732618315}) = 0
21566 11:13:36 read(4, ":M\n\326\323W\16\317g~0(\313\252\370\271c%\271EeQ\177\314b\311\211.\366\221\tG"..., 8192) = 36
21566 11:13:36 clock_gettime(CLOCK_BOOTTIME, {93402, 733284674}) = 0
21566 11:13:36 clock_gettime(CLOCK_BOOTTIME, {93402, 733563651}) = 0
21566 11:13:36 select(8, [4 5], [6], NULL, NULL) = 1 (out [6])
21566 11:13:36 clock_gettime(CLOCK_BOOTTIME, {93402, 734336331}) = 0
21566 11:13:36 write(6, "t", 1)         = 1
21566 11:13:36 clock_gettime(CLOCK_BOOTTIME, {93402, 734964004}) = 0
21566 11:13:36 clock_gettime(CLOCK_BOOTTIME, {93402, 735281334}) = 0
21566 11:13:36 select(8, [4 5], [], NULL, NULL) = 1 (in [5])
21566 11:13:36 clock_gettime(CLOCK_BOOTTIME, {93403, 6925108}) = 0
21566 11:13:36 read(5, "\r", 16384)     = 1
21566 11:13:36 clock_gettime(CLOCK_BOOTTIME, {93403, 7397871}) = 0
21566 11:13:36 clock_gettime(CLOCK_BOOTTIME, {93403, 7585988}) = 0
21566 11:13:36 select(8, [4 5], [4], NULL, NULL) = 1 (out [4])
21566 11:13:36 clock_gettime(CLOCK_BOOTTIME, {93403, 8123275}) = 0
21566 11:13:36 write(4, "@\t\234\30v~\322\376#\202\333\230\230\274\334\375\246\353?\327\300m\3\240z|u2\337E\7\263"..., 36) = 36
21566 11:13:36 clock_gettime(CLOCK_BOOTTIME, {93403, 8574058}) = 0
21566 11:13:36 clock_gettime(CLOCK_BOOTTIME, {93403, 8864265}) = 0
21566 11:13:36 select(8, [4 5], [], NULL, NULL) = 1 (in [4])
21566 11:13:36 clock_gettime(CLOCK_BOOTTIME, {93403, 13162371}) = 0
21566 11:13:36 read(4, "`\300\177\307\304)\224\7\26\24\264\256\245\212\353\314\344e\356\342\327D=$x\371\30\240\230\230\227&"..., 8192) = 220
21566 11:13:36 close(5)                 = 0
21566 11:13:36 clock_gettime(CLOCK_BOOTTIME, {93403, 13866821}) = 0
21566 11:13:36 clock_gettime(CLOCK_BOOTTIME, {93403, 14101701}) = 0
21566 11:13:36 select(8, [4], [6], NULL, NULL) = 1 (out [6])
21566 11:13:36 clock_gettime(CLOCK_BOOTTIME, {93403, 14704448}) = 0
21566 11:13:36 write(6, "\r\nlogout\r\n", 10) = 10
21566 11:13:36 clock_gettime(CLOCK_BOOTTIME, {93403, 15246048}) = 0
21566 11:13:36 clock_gettime(CLOCK_BOOTTIME, {93403, 15434391}) = 0
21566 11:13:36 close(6)                 = 0
21566 11:13:36 ioctl(0, SNDCTL_TMR_STOP or TCSETSW, {B38400 opost isig icanon echo ...}) = 0
21566 11:13:36 close(7)                 = 0
21566 11:13:36 select(8, [4], [4], NULL, NULL) = 1 (out [4])
21566 11:13:36 clock_gettime(CLOCK_BOOTTIME, {93403, 16555914}) = 0
21566 11:13:36 write(4, "\2233M&R\2465A\34\213j\21\227H\27\242g\324\342\6\276\253Q\313\303V\333\2203\362\365:"..., 36) = 36
21566 11:13:36 rt_sigaction(SIGWINCH, NULL, {0x55c4f21b5430, [], SA_RESTORER, 0x7f761ed9b270}, 8) = 0
21566 11:13:36 rt_sigaction(SIGWINCH, {SIG_DFL, [], SA_RESTORER, 0x7f761ed9b270}, NULL, 8) = 0
21566 11:13:36 write(4, "D\262\315a\313\270\272']\370\24\237LN\363\300\343\351\356\37508\253\207\306\266\31\275\22p\270\241"..., 60) = 60
21566 11:13:36 ioctl(0, TCGETS, {B38400 opost isig icanon echo ...}) = 0
21566 11:13:36 ioctl(1, TCGETS, {B38400 opost isig icanon echo ...}) = 0
21566 11:13:36 ioctl(2, TCGETS, {B38400 opost isig icanon echo ...}) = 0
21566 11:13:36 write(2, "Connection to 192.168.7.201 clos"..., 37) = 37
21566 11:13:36 shutdown(4, SHUT_RDWR)   = 0
21566 11:13:36 close(4)                 = 0
21566 11:13:36 exit_group(0)            = ?
21566 11:13:36 +++ exited with 0 +++
