9094  09:39:17 select(5, [4], NULL, NULL, NULL) = 1 (in [4])
9094  09:39:17 read(4, "!+:`\37Nf\317\274\320\217jJ\325\245\254\267b%?1\320\354\231W\310\0006\24\323\203\332"..., 8192) = 84
9094  09:39:17 futex(0x7f2382f65530, FUTEX_WAKE_PRIVATE, 2147483647) = 0
9094  09:39:17 futex(0x7f2382f653d0, FUTEX_WAKE_PRIVATE, 2147483647) = 0
9094  09:39:17 futex(0x7f2385542fa0, FUTEX_WAKE_PRIVATE, 2147483647) = 0
9094  09:39:17 lstat("/etc/gss/mech", 0x7ffc093a3dd0) = -1 ENOENT (No such file or directory)
9094  09:39:17 openat(AT_FDCWD, "/etc/gss/mech.d", O_RDONLY|O_NONBLOCK|O_DIRECTORY|O_CLOEXEC) = 5
9094  09:39:17 getdents(5, /* 3 entries */, 32768) = 88
9094  09:39:17 open("/usr/lib64/gconv/gconv-modules.cache", O_RDONLY) = 6
9094  09:39:17 fstat(6, {st_mode=S_IFREG|0644, st_size=26254, ...}) = 0
9094  09:39:17 mmap(NULL, 26254, PROT_READ, MAP_SHARED, 6, 0) = 0x7f2386eb9000
9094  09:39:17 close(6)                 = 0
9094  09:39:17 futex(0x7f2384bd2a80, FUTEX_WAKE_PRIVATE, 2147483647) = 0
9094  09:39:17 newfstatat(5, "gssproxy.conf", {st_mode=S_IFREG|0644, st_size=189, ...}, 0) = 0
9094  09:39:17 getdents(5, /* 0 entries */, 32768) = 0
9094  09:39:17 close(5)                 = 0
9094  09:39:17 lstat("/etc/gss/mech.d/gssproxy.conf", {st_mode=S_IFREG|0644, st_size=189, ...}) = 0
9094  09:39:17 open("/etc/gss/mech.d/gssproxy.conf", O_RDONLY) = 5
9094  09:39:17 fstat(5, {st_mode=S_IFREG|0644, st_size=189, ...}) = 0
9094  09:39:17 mmap(NULL, 4096, PROT_READ|PROT_WRITE, MAP_PRIVATE|MAP_ANONYMOUS, -1, 0) = 0x7f2386eb8000
9094  09:39:17 read(5, "# GSS-API mechanism plugins\n#\n# "..., 4096) = 189
9094  09:39:17 read(5, "", 4096)        = 0
9094  09:39:17 close(5)                 = 0
9094  09:39:17 munmap(0x7f2386eb8000, 4096) = 0
9094  09:39:17 stat("/usr/lib64/gssproxy/proxymech.so", {st_mode=S_IFREG|0755, st_size=115072, ...}) = 0
9094  09:39:17 futex(0x7f23864140d0, FUTEX_WAKE_PRIVATE, 2147483647) = 0
9094  09:39:17 open("/usr/lib64/gssproxy/proxymech.so", O_RDONLY|O_CLOEXEC) = 5
9094  09:39:17 read(5, "\177ELF\2\1\1\0\0\0\0\0\0\0\0\0\3\0>\0\1\0\0\0\320x\0\0\0\0\0\0"..., 832) = 832
9094  09:39:17 fstat(5, {st_mode=S_IFREG|0755, st_size=115072, ...}) = 0
9094  09:39:17 mmap(NULL, 2208224, PROT_READ|PROT_EXEC, MAP_PRIVATE|MAP_DENYWRITE, 5, 0) = 0x7f237bff4000
9094  09:39:17 mprotect(0x7f237c00f000, 2093056, PROT_NONE) = 0
9094  09:39:17 mmap(0x7f237c20e000, 8192, PROT_READ|PROT_WRITE, MAP_PRIVATE|MAP_FIXED|MAP_DENYWRITE, 5, 0x1a000) = 0x7f237c20e000
9094  09:39:17 close(5)                 = 0
9094  09:39:17 open("/etc/ld.so.cache", O_RDONLY|O_CLOEXEC) = 5
9094  09:39:17 fstat(5, {st_mode=S_IFREG|0644, st_size=81187, ...}) = 0
9094  09:39:17 mmap(NULL, 81187, PROT_READ, MAP_PRIVATE, 5, 0) = 0x7f2386e89000
9094  09:39:17 close(5)                 = 0
9094  09:39:17 open("/lib64/libgssrpc.so.4", O_RDONLY|O_CLOEXEC) = 5
9094  09:39:17 read(5, "\177ELF\2\1\1\0\0\0\0\0\0\0\0\0\3\0>\0\1\0\0\0\340Z\0\0\0\0\0\0"..., 832) = 832
9094  09:39:17 fstat(5, {st_mode=S_IFREG|0755, st_size=134368, ...}) = 0
9094  09:39:17 mmap(NULL, 2227072, PROT_READ|PROT_EXEC, MAP_PRIVATE|MAP_DENYWRITE, 5, 0) = 0x7f237bdd4000
9094  09:39:17 mprotect(0x7f237bdf2000, 2097152, PROT_NONE) = 0
9094  09:39:17 mmap(0x7f237bff2000, 8192, PROT_READ|PROT_WRITE, MAP_PRIVATE|MAP_FIXED|MAP_DENYWRITE, 5, 0x1e000) = 0x7f237bff2000
9094  09:39:17 close(5)                 = 0
9094  09:39:17 mprotect(0x7f237bff2000, 4096, PROT_READ) = 0
9094  09:39:17 mprotect(0x7f237c20e000, 4096, PROT_READ) = 0
9094  09:39:17 munmap(0x7f2386e89000, 81187) = 0
9094  09:39:17 stat("/usr/lib64/gssproxy/proxymech.so", {st_mode=S_IFREG|0755, st_size=115072, ...}) = 0
9094  09:39:17 futex(0x7f23852f5480, FUTEX_WAKE_PRIVATE, 2147483647) = 0
9094  09:39:17 futex(0x7f23852f66d0, FUTEX_WAKE_PRIVATE, 2147483647) = 0
9094  09:39:17 stat("/etc/krb5.conf", {st_mode=S_IFREG|0644, st_size=590, ...}) = 0
9094  09:39:17 open("/etc/krb5.conf", O_RDONLY) = 5
9094  09:39:17 fcntl(5, F_SETFD, FD_CLOEXEC) = 0
9094  09:39:17 fstat(5, {st_mode=S_IFREG|0644, st_size=590, ...}) = 0
9094  09:39:17 mmap(NULL, 4096, PROT_READ|PROT_WRITE, MAP_PRIVATE|MAP_ANONYMOUS, -1, 0) = 0x7f2386eb8000
9094  09:39:17 read(5, "# Configuration snippets may be "..., 4096) = 590
9094  09:39:17 openat(AT_FDCWD, "/etc/krb5.conf.d/", O_RDONLY|O_NONBLOCK|O_DIRECTORY|O_CLOEXEC) = 6
9094  09:39:17 getdents(6, /* 2 entries */, 32768) = 48
9094  09:39:17 getdents(6, /* 0 entries */, 32768) = 0
9094  09:39:17 close(6)                 = 0
9094  09:39:17 read(5, "", 4096)        = 0
9094  09:39:17 close(5)                 = 0
9094  09:39:17 munmap(0x7f2386eb8000, 4096) = 0
9094  09:39:17 stat("/etc/krb5.conf", {st_mode=S_IFREG|0644, st_size=590, ...}) = 0
9094  09:39:17 open("/etc/krb5.conf", O_RDONLY) = 5
9094  09:39:17 fcntl(5, F_SETFD, FD_CLOEXEC) = 0
9094  09:39:17 fstat(5, {st_mode=S_IFREG|0644, st_size=590, ...}) = 0
9094  09:39:17 mmap(NULL, 4096, PROT_READ|PROT_WRITE, MAP_PRIVATE|MAP_ANONYMOUS, -1, 0) = 0x7f2386eb8000
9094  09:39:17 read(5, "# Configuration snippets may be "..., 4096) = 590
9094  09:39:17 openat(AT_FDCWD, "/etc/krb5.conf.d/", O_RDONLY|O_NONBLOCK|O_DIRECTORY|O_CLOEXEC) = 6
9094  09:39:17 getdents(6, /* 2 entries */, 32768) = 48
9094  09:39:17 getdents(6, /* 0 entries */, 32768) = 0
9094  09:39:17 close(6)                 = 0
9094  09:39:17 read(5, "", 4096)        = 0
9094  09:39:17 close(5)                 = 0
9094  09:39:17 munmap(0x7f2386eb8000, 4096) = 0
9094  09:39:17 access("/etc/krb5.conf", R_OK) = 0
9094  09:39:17 stat("/etc/krb5.conf", {st_mode=S_IFREG|0644, st_size=590, ...}) = 0
9094  09:39:17 stat("/etc/sysconfig/64bit_strstr_via_64bit_strstr_sse2_unaligned", 0x7ffc093a3370) = -1 ENOENT (No such file or directory)
9094  09:39:17 geteuid()                = 0
9094  09:39:17 open("/var/kerberos/krb5/user/0/client.keytab", O_RDONLY) = -1 ENOENT (No such file or directory)
9094  09:39:17 getuid()                 = 0
9094  09:39:17 keyctl(KEYCTL_GET_PERSISTENT, 0, KEY_SPEC_PROCESS_KEYRING) = 969147650
9094  09:39:17 keyctl(KEYCTL_SEARCH, 969147650, "keyring", "_krb", KEY_SPEC_PROCESS_KEYRING) = 78949723
9094  09:39:17 keyctl(KEYCTL_SEARCH, 78949723, "user", "krb_ccache:primary", 0) = 56933315
9094  09:39:17 keyctl(KEYCTL_READ, 56933315, NULL, 0) = 9
9094  09:39:17 keyctl(KEYCTL_READ, 56933315, "", 9) = 9
9094  09:39:17 keyctl(KEYCTL_READ, 78949723, NULL, 0) = 4
9094  09:39:17 keyctl(KEYCTL_READ, 78949723, "\303\273d\3", 4) = 4
9094  09:39:17 keyctl(KEYCTL_SEARCH, 78949723, "keyring", "0", 0) = -1 ENOKEY (Required key not available)
9094  09:39:17 keyctl(KEYCTL_DESCRIBE, 56933315, NULL, 0) = 37
9094  09:39:17 keyctl(KEYCTL_DESCRIBE, 56933315, "user;0;0;3f010000;krb_ccache:pri"..., 37) = 37
9094  09:39:17 stat("/etc/krb5.conf", {st_mode=S_IFREG|0644, st_size=590, ...}) = 0
9094  09:39:17 open("/etc/krb5.conf", O_RDONLY) = 5
9094  09:39:17 fcntl(5, F_SETFD, FD_CLOEXEC) = 0
9094  09:39:17 fstat(5, {st_mode=S_IFREG|0644, st_size=590, ...}) = 0
9094  09:39:17 mmap(NULL, 4096, PROT_READ|PROT_WRITE, MAP_PRIVATE|MAP_ANONYMOUS, -1, 0) = 0x7f2386eb8000
9094  09:39:17 read(5, "# Configuration snippets may be "..., 4096) = 590
9094  09:39:17 openat(AT_FDCWD, "/etc/krb5.conf.d/", O_RDONLY|O_NONBLOCK|O_DIRECTORY|O_CLOEXEC) = 6
9094  09:39:17 getdents(6, /* 2 entries */, 32768) = 48
9094  09:39:17 getdents(6, /* 0 entries */, 32768) = 0
9094  09:39:17 close(6)                 = 0
9094  09:39:17 read(5, "", 4096)        = 0
9094  09:39:17 close(5)                 = 0
9094  09:39:17 munmap(0x7f2386eb8000, 4096) = 0
9094  09:39:17 stat("/etc/krb5.conf", {st_mode=S_IFREG|0644, st_size=590, ...}) = 0
9094  09:39:17 open("/etc/krb5.conf", O_RDONLY) = 5
9094  09:39:17 fcntl(5, F_SETFD, FD_CLOEXEC) = 0
9094  09:39:17 fstat(5, {st_mode=S_IFREG|0644, st_size=590, ...}) = 0
9094  09:39:17 mmap(NULL, 4096, PROT_READ|PROT_WRITE, MAP_PRIVATE|MAP_ANONYMOUS, -1, 0) = 0x7f2386eb8000
9094  09:39:17 read(5, "# Configuration snippets may be "..., 4096) = 590
9094  09:39:17 openat(AT_FDCWD, "/etc/krb5.conf.d/", O_RDONLY|O_NONBLOCK|O_DIRECTORY|O_CLOEXEC) = 6
9094  09:39:17 getdents(6, /* 2 entries */, 32768) = 48
9094  09:39:17 getdents(6, /* 0 entries */, 32768) = 0
9094  09:39:17 close(6)                 = 0
9094  09:39:17 read(5, "", 4096)        = 0
9094  09:39:17 close(5)                 = 0
9094  09:39:17 munmap(0x7f2386eb8000, 4096) = 0
9094  09:39:17 stat("/etc/krb5.conf", {st_mode=S_IFREG|0644, st_size=590, ...}) = 0
9094  09:39:17 open("/etc/krb5.conf", O_RDONLY) = 5
9094  09:39:17 fcntl(5, F_SETFD, FD_CLOEXEC) = 0
9094  09:39:17 fstat(5, {st_mode=S_IFREG|0644, st_size=590, ...}) = 0
9094  09:39:17 mmap(NULL, 4096, PROT_READ|PROT_WRITE, MAP_PRIVATE|MAP_ANONYMOUS, -1, 0) = 0x7f2386eb8000
9094  09:39:17 read(5, "# Configuration snippets may be "..., 4096) = 590
9094  09:39:17 openat(AT_FDCWD, "/etc/krb5.conf.d/", O_RDONLY|O_NONBLOCK|O_DIRECTORY|O_CLOEXEC) = 6
9094  09:39:17 getdents(6, /* 2 entries */, 32768) = 48
9094  09:39:17 getdents(6, /* 0 entries */, 32768) = 0
9094  09:39:17 close(6)                 = 0
9094  09:39:17 read(5, "", 4096)        = 0
9094  09:39:17 close(5)                 = 0
9094  09:39:17 munmap(0x7f2386eb8000, 4096) = 0
9094  09:39:17 access("/etc/krb5.conf", R_OK) = 0
9094  09:39:17 stat("/etc/krb5.conf", {st_mode=S_IFREG|0644, st_size=590, ...}) = 0
9094  09:39:17 geteuid()                = 0
9094  09:39:17 open("/var/kerberos/krb5/user/0/client.keytab", O_RDONLY) = -1 ENOENT (No such file or directory)
9094  09:39:17 getuid()                 = 0
9094  09:39:17 keyctl(KEYCTL_GET_PERSISTENT, 0, KEY_SPEC_PROCESS_KEYRING) = 969147650
9094  09:39:17 keyctl(KEYCTL_SEARCH, 969147650, "keyring", "_krb", KEY_SPEC_PROCESS_KEYRING) = 78949723
9094  09:39:17 keyctl(KEYCTL_SEARCH, 78949723, "user", "krb_ccache:primary", 0) = 56933315
9094  09:39:17 keyctl(KEYCTL_READ, 56933315, NULL, 0) = 9
9094  09:39:17 keyctl(KEYCTL_READ, 56933315, "", 9) = 9
9094  09:39:17 keyctl(KEYCTL_READ, 78949723, NULL, 0) = 4
9094  09:39:17 keyctl(KEYCTL_READ, 78949723, "\303\273d\3", 4) = 4
9094  09:39:17 keyctl(KEYCTL_SEARCH, 78949723, "keyring", "0", 0) = -1 ENOKEY (Required key not available)
9094  09:39:17 keyctl(KEYCTL_DESCRIBE, 56933315, NULL, 0) = 37
9094  09:39:17 keyctl(KEYCTL_DESCRIBE, 56933315, "user;0;0;3f010000;krb_ccache:pri"..., 37) = 37
9094  09:39:17 access("/etc/krb5.conf", R_OK) = 0
9094  09:39:17 stat("/etc/krb5.conf", {st_mode=S_IFREG|0644, st_size=590, ...}) = 0
9094  09:39:17 stat("/etc/krb5.conf", {st_mode=S_IFREG|0644, st_size=590, ...}) = 0
9094  09:39:17 open("/etc/krb5.conf", O_RDONLY) = 5
9094  09:39:17 fcntl(5, F_SETFD, FD_CLOEXEC) = 0
9094  09:39:17 fstat(5, {st_mode=S_IFREG|0644, st_size=590, ...}) = 0
9094  09:39:17 mmap(NULL, 4096, PROT_READ|PROT_WRITE, MAP_PRIVATE|MAP_ANONYMOUS, -1, 0) = 0x7f2386eb8000
9094  09:39:17 read(5, "# Configuration snippets may be "..., 4096) = 590
9094  09:39:17 openat(AT_FDCWD, "/etc/krb5.conf.d/", O_RDONLY|O_NONBLOCK|O_DIRECTORY|O_CLOEXEC) = 6
9094  09:39:17 getdents(6, /* 2 entries */, 32768) = 48
9094  09:39:17 getdents(6, /* 0 entries */, 32768) = 0
9094  09:39:17 close(6)                 = 0
9094  09:39:17 read(5, "", 4096)        = 0
9094  09:39:17 close(5)                 = 0
9094  09:39:17 munmap(0x7f2386eb8000, 4096) = 0
9094  09:39:17 stat("/root/.ssh/id_rsa", 0x7ffc093a3e50) = -1 ENOENT (No such file or directory)
9094  09:39:17 stat("/root/.ssh/id_dsa", 0x7ffc093a3e50) = -1 ENOENT (No such file or directory)
9094  09:39:17 stat("/root/.ssh/id_ecdsa", 0x7ffc093a3e50) = -1 ENOENT (No such file or directory)
9094  09:39:17 stat("/root/.ssh/id_ed25519", 0x7ffc093a3e50) = -1 ENOENT (No such file or directory)
9094  09:39:17 open("/dev/tty", O_RDWR) = 5
9094  09:39:17 close(5)                 = 0
9094  09:39:17 open("/dev/tty", O_RDWR) = 5
9094  09:39:17 ioctl(5, TCGETS, {B38400 opost isig icanon echo ...}) = 0
9094  09:39:17 ioctl(5, SNDCTL_TMR_CONTINUE or TCSETSF, {B38400 opost isig icanon -echo ...}) = 0
9094  09:39:17 rt_sigaction(SIGALRM, {0x5638334535b0, [], SA_RESTORER, 0x7f238484a270}, {SIG_DFL, [], 0}, 8) = 0
9094  09:39:17 rt_sigaction(SIGHUP, {0x5638334535b0, [], SA_RESTORER, 0x7f238484a270}, {SIG_DFL, [], 0}, 8) = 0
9094  09:39:17 rt_sigaction(SIGINT, {0x5638334535b0, [], SA_RESTORER, 0x7f238484a270}, {SIG_DFL, [], 0}, 8) = 0
9094  09:39:17 rt_sigaction(SIGPIPE, {0x5638334535b0, [], SA_RESTORER, 0x7f238484a270}, {SIG_IGN, [], SA_RESTORER, 0x7f238484a270}, 8) = 0
9094  09:39:17 rt_sigaction(SIGQUIT, {0x5638334535b0, [], SA_RESTORER, 0x7f238484a270}, {SIG_DFL, [], 0}, 8) = 0
9094  09:39:17 rt_sigaction(SIGTERM, {0x5638334535b0, [], SA_RESTORER, 0x7f238484a270}, {SIG_DFL, [], 0}, 8) = 0
9094  09:39:17 rt_sigaction(SIGTSTP, {0x5638334535b0, [], SA_RESTORER, 0x7f238484a270}, {SIG_DFL, [], 0}, 8) = 0
9094  09:39:17 rt_sigaction(SIGTTIN, {0x5638334535b0, [], SA_RESTORER, 0x7f238484a270}, {SIG_DFL, [], 0}, 8) = 0
9094  09:39:17 rt_sigaction(SIGTTOU, {0x5638334535b0, [], SA_RESTORER, 0x7f238484a270}, {SIG_DFL, [], 0}, 8) = 0
9094  09:39:17 write(5, "root@192.168.7.201's password: ", 31) = 31
9094  09:39:17 read(5, "1", 1)          = 1
9094  09:39:17 read(5, "2", 1)          = 1
9094  09:39:17 read(5, "3", 1)          = 1
9094  09:39:17 read(5, "4", 1)          = 1
9094  09:39:17 read(5, "5", 1)          = 1
9094  09:39:17 read(5, "6", 1)          = 1
9094  09:39:17 read(5, "\n", 1)         = 1
9094  09:39:17 write(5, "\n", 1)        = 1
9094  09:39:17 ioctl(5, SNDCTL_TMR_CONTINUE or TCSETSF, {B38400 opost isig icanon echo ...}) = 0
9094  09:39:17 rt_sigaction(SIGALRM, {SIG_DFL, [], SA_RESTORER, 0x7f238484a270}, NULL, 8) = 0
9094  09:39:17 rt_sigaction(SIGHUP, {SIG_DFL, [], SA_RESTORER, 0x7f238484a270}, NULL, 8) = 0
9094  09:39:17 rt_sigaction(SIGINT, {SIG_DFL, [], SA_RESTORER, 0x7f238484a270}, NULL, 8) = 0
9094  09:39:17 rt_sigaction(SIGQUIT, {SIG_DFL, [], SA_RESTORER, 0x7f238484a270}, NULL, 8) = 0
9094  09:39:17 rt_sigaction(SIGPIPE, {SIG_IGN, [], SA_RESTORER, 0x7f238484a270}, NULL, 8) = 0
9094  09:39:17 rt_sigaction(SIGTERM, {SIG_DFL, [], SA_RESTORER, 0x7f238484a270}, NULL, 8) = 0
9094  09:39:17 rt_sigaction(SIGTSTP, {SIG_DFL, [], SA_RESTORER, 0x7f238484a270}, NULL, 8) = 0
9094  09:39:17 rt_sigaction(SIGTTIN, {SIG_DFL, [], SA_RESTORER, 0x7f238484a270}, NULL, 8) = 0
9094  09:39:17 rt_sigaction(SIGTTOU, {SIG_DFL, [], SA_RESTORER, 0x7f238484a270}, NULL, 8) = 0
9094  09:39:17 close(5)                 = 0
9094  09:39:17 write(4, "H\364\273\241x\271\270\344\3309\347/\"w\262\226T{\206N3`~V!CZsAi\3\310"..., 84) = 84
9094  09:39:17 select(5, [4], NULL, NULL, NULL) = 1 (in [4])
9094  09:39:17 read(4, "\257=$\355G\264(\224V\7\247\357\316<\223\177\304\220\n\251\2362\201\320\303\202\212\362", 8192) = 28
9094  09:39:17 dup(0)                   = 5
9094  09:39:17 dup(1)                   = 6
9094  09:39:17 dup(2)                   = 7
9094  09:39:17 ioctl(5, TCGETS, {B38400 opost isig icanon echo ...}) = 0
9094  09:39:17 ioctl(6, TCGETS, {B38400 opost isig icanon echo ...}) = 0
9094  09:39:17 ioctl(7, TCGETS, {B38400 opost isig icanon echo ...}) = 0
9094  09:39:17 fcntl(5, F_SETFD, FD_CLOEXEC) = 0
9094  09:39:17 fcntl(6, F_SETFD, FD_CLOEXEC) = 0
9094  09:39:17 fcntl(7, F_SETFD, FD_CLOEXEC) = 0
9094  09:39:17 rt_sigaction(SIGHUP, NULL, {SIG_DFL, [], SA_RESTORER, 0x7f238484a270}, 8) = 0
9094  09:39:17 rt_sigaction(SIGHUP, {SIG_IGN, [], SA_RESTORER, 0x7f238484a270}, NULL, 8) = 0
9094  09:39:17 rt_sigaction(SIGHUP, NULL, {SIG_IGN, [], SA_RESTORER, 0x7f238484a270}, 8) = 0
9094  09:39:17 rt_sigaction(SIGHUP, {0x5638333f61a0, [], SA_RESTORER, 0x7f238484a270}, NULL, 8) = 0
9094  09:39:17 rt_sigaction(SIGINT, NULL, {SIG_DFL, [], SA_RESTORER, 0x7f238484a270}, 8) = 0
9094  09:39:17 rt_sigaction(SIGINT, {SIG_IGN, [], SA_RESTORER, 0x7f238484a270}, NULL, 8) = 0
9094  09:39:17 rt_sigaction(SIGINT, NULL, {SIG_IGN, [], SA_RESTORER, 0x7f238484a270}, 8) = 0
9094  09:39:17 rt_sigaction(SIGINT, {0x5638333f61a0, [], SA_RESTORER, 0x7f238484a270}, NULL, 8) = 0
9094  09:39:17 rt_sigaction(SIGQUIT, NULL, {SIG_DFL, [], SA_RESTORER, 0x7f238484a270}, 8) = 0
9094  09:39:17 rt_sigaction(SIGQUIT, {SIG_IGN, [], SA_RESTORER, 0x7f238484a270}, NULL, 8) = 0
9094  09:39:17 rt_sigaction(SIGQUIT, NULL, {SIG_IGN, [], SA_RESTORER, 0x7f238484a270}, 8) = 0
9094  09:39:17 rt_sigaction(SIGQUIT, {0x5638333f61a0, [], SA_RESTORER, 0x7f238484a270}, NULL, 8) = 0
9094  09:39:17 rt_sigaction(SIGTERM, NULL, {SIG_DFL, [], SA_RESTORER, 0x7f238484a270}, 8) = 0
9094  09:39:17 rt_sigaction(SIGTERM, {SIG_IGN, [], SA_RESTORER, 0x7f238484a270}, NULL, 8) = 0
9094  09:39:17 rt_sigaction(SIGTERM, NULL, {SIG_IGN, [], SA_RESTORER, 0x7f238484a270}, 8) = 0
9094  09:39:17 rt_sigaction(SIGTERM, {0x5638333f61a0, [], SA_RESTORER, 0x7f238484a270}, NULL, 8) = 0
9094  09:39:17 rt_sigaction(SIGWINCH, NULL, {SIG_DFL, [], 0}, 8) = 0
9094  09:39:17 rt_sigaction(SIGWINCH, {0x5638333f6430, [], SA_RESTORER, 0x7f238484a270}, NULL, 8) = 0
9094  09:39:17 ioctl(0, TCGETS, {B38400 opost isig icanon echo ...}) = 0
9094  09:39:17 ioctl(0, SNDCTL_TMR_STOP or TCSETSW, {B38400 -opost -isig -icanon -echo ...}) = 0
9094  09:39:17 clock_gettime(CLOCK_BOOTTIME, {174144, 393141906}) = 0
9094  09:39:17 clock_gettime(CLOCK_BOOTTIME, {174144, 393369373}) = 0
9094  09:39:17 select(8, [4], [4], NULL, NULL) = 1 (out [4])
9094  09:39:17 clock_gettime(CLOCK_BOOTTIME, {174144, 394219326}) = 0
9094  09:39:17 write(4, "8m\234\375\336\247\374\223\2440\310W\323?(\211wt\364\260\322P\273\207\254\212\363pt\nL\21"..., 112) = 112
9094  09:39:17 clock_gettime(CLOCK_BOOTTIME, {174144, 394908249}) = 0
9094  09:39:17 clock_gettime(CLOCK_BOOTTIME, {174144, 395135366}) = 0
9094  09:39:17 select(8, [4], [], NULL, NULL) = 1 (in [4])
9094  09:39:18 clock_gettime(CLOCK_BOOTTIME, {174144, 774603717}) = 0
9094  09:39:18 read(4, "n\357\355\4\260\224<Q\273\266\177cX\345\240\222\220x\326#f^C`5\357K}\374a\271\214"..., 8192) = 44
9094  09:39:18 getsockopt(4, SOL_TCP, TCP_NODELAY, [0], [4]) = 0
9094  09:39:18 setsockopt(4, SOL_TCP, TCP_NODELAY, [1], 4) = 0
9094  09:39:18 getsockname(4, {sa_family=AF_INET, sin_port=htons(53028), sin_addr=inet_addr("192.168.7.250")}, [16]) = 0
9094  09:39:18 setsockopt(4, SOL_IP, IP_TOS, [16], 4) = 0
9094  09:39:18 ioctl(0, TIOCGWINSZ, {ws_row=40, ws_col=172, ws_xpixel=0, ws_ypixel=0}) = 0
9094  09:39:18 clock_gettime(CLOCK_BOOTTIME, {174144, 776332645}) = 0
9094  09:39:18 clock_gettime(CLOCK_BOOTTIME, {174144, 776501771}) = 0
9094  09:39:18 select(8, [4], [4], NULL, NULL) = 1 (out [4])
9094  09:39:18 clock_gettime(CLOCK_BOOTTIME, {174144, 776934705}) = 0
9094  09:39:18 write(4, "\252\224Q\200\22Sz\377\243T\216\365\34\317\245\222\353,\265F\321U\v\37=\302\32A8V\270\343"..., 444) = 444
9094  09:39:18 clock_gettime(CLOCK_BOOTTIME, {174144, 777581274}) = 0
9094  09:39:18 clock_gettime(CLOCK_BOOTTIME, {174144, 777798140}) = 0
9094  09:39:18 select(8, [4], [], NULL, NULL) = 1 (in [4])
9094  09:39:18 clock_gettime(CLOCK_BOOTTIME, {174144, 786683905}) = 0
9094  09:39:18 read(4, "\275\307\10\262o\365\200\20\270\211\332\233\"\230\21\336)\25\204\271t\326b\242\310Ib3\367\2546\323"..., 8192) = 108
9094  09:39:18 clock_gettime(CLOCK_BOOTTIME, {174144, 787095228}) = 0
9094  09:39:18 clock_gettime(CLOCK_BOOTTIME, {174144, 787260693}) = 0
9094  09:39:18 select(8, [4 5], [], NULL, NULL) = 1 (in [4])
9094  09:39:18 clock_gettime(CLOCK_BOOTTIME, {174144, 797676684}) = 0
9094  09:39:18 read(4, "\330\16\32\247\31\363\2069N\320\320'j\34\211p\357\16\2379\7Y\223T\204k\363\323\274\310QD"..., 8192) = 92
9094  09:39:18 clock_gettime(CLOCK_BOOTTIME, {174144, 798135047}) = 0
9094  09:39:18 clock_gettime(CLOCK_BOOTTIME, {174144, 798299373}) = 0
9094  09:39:18 select(8, [4 5], [6], NULL, NULL) = 1 (out [6])
9094  09:39:18 clock_gettime(CLOCK_BOOTTIME, {174144, 798648230}) = 0
9094  09:39:18 write(6, "Last login: Fri Feb 23 11:20:09 "..., 58) = 58
9094  09:39:18 clock_gettime(CLOCK_BOOTTIME, {174144, 799223315}) = 0
9094  09:39:18 clock_gettime(CLOCK_BOOTTIME, {174144, 799384115}) = 0
9094  09:39:18 select(8, [4 5], [], NULL, NULL) = 1 (in [4])
9094  09:39:18 clock_gettime(CLOCK_BOOTTIME, {174144, 903132169}) = 0
9094  09:39:18 read(4, "\367\312\251\250[ZS.2/\36\354hc\240\314;EW\r\243\277I$\177\0\301\377\357-\240\360"..., 8192) = 60
9094  09:39:18 clock_gettime(CLOCK_BOOTTIME, {174144, 903796109}) = 0
9094  09:39:18 clock_gettime(CLOCK_BOOTTIME, {174144, 903960503}) = 0
9094  09:39:18 select(8, [4 5], [6], NULL, NULL) = 1 (out [6])
9094  09:39:18 clock_gettime(CLOCK_BOOTTIME, {174144, 904349052}) = 0
9094  09:39:18 write(6, "[root@live_proxy ~]# ", 21) = 21
9094  09:39:18 clock_gettime(CLOCK_BOOTTIME, {174144, 904855555}) = 0
9094  09:39:18 clock_gettime(CLOCK_BOOTTIME, {174144, 905177949}) = 0
9094  09:39:18 select(8, [4 5], [], NULL, NULL) = 1 (in [5])
9094  09:39:38 clock_gettime(CLOCK_BOOTTIME, {174165, 99190432}) = 0
9094  09:39:38 read(5, "l", 16384)      = 1
9094  09:39:38 clock_gettime(CLOCK_BOOTTIME, {174165, 99537722}) = 0
9094  09:39:38 clock_gettime(CLOCK_BOOTTIME, {174165, 99754282}) = 0
9094  09:39:38 select(8, [4 5], [4], NULL, NULL) = 1 (out [4])
9094  09:39:38 clock_gettime(CLOCK_BOOTTIME, {174165, 100246555}) = 0
9094  09:39:38 write(4, ">\366\244c_\216\177\0\210\231\361\326\355\275\211F\274w`\201\177^\274\00672O&N\0236A"..., 36) = 36
9094  09:39:38 clock_gettime(CLOCK_BOOTTIME, {174165, 100687349}) = 0
9094  09:39:38 clock_gettime(CLOCK_BOOTTIME, {174165, 100886812}) = 0
9094  09:39:38 select(8, [4 5], [], NULL, NULL) = 1 (in [4])
9094  09:39:38 clock_gettime(CLOCK_BOOTTIME, {174165, 101525242}) = 0
9094  09:39:38 read(4, "b\t/\r/\36\2205\242\223\367{\217\324\4T\310\234E\360m_\356\256\273\350\214~\225\6\n\335"..., 8192) = 36
9094  09:39:38 clock_gettime(CLOCK_BOOTTIME, {174165, 101928622}) = 0
9094  09:39:38 clock_gettime(CLOCK_BOOTTIME, {174165, 102162765}) = 0
9094  09:39:38 select(8, [4 5], [6], NULL, NULL) = 1 (out [6])
9094  09:39:38 clock_gettime(CLOCK_BOOTTIME, {174165, 102537469}) = 0
9094  09:39:38 write(6, "l", 1)         = 1
9094  09:39:38 clock_gettime(CLOCK_BOOTTIME, {174165, 102966312}) = 0
9094  09:39:38 clock_gettime(CLOCK_BOOTTIME, {174165, 103175128}) = 0
9094  09:39:38 select(8, [4 5], [], NULL, NULL) = 1 (in [5])
9094  09:39:38 clock_gettime(CLOCK_BOOTTIME, {174165, 212766662}) = 0
9094  09:39:38 read(5, "s", 16384)      = 1
9094  09:39:38 clock_gettime(CLOCK_BOOTTIME, {174165, 213203522}) = 0
9094  09:39:38 clock_gettime(CLOCK_BOOTTIME, {174165, 213357115}) = 0
9094  09:39:38 select(8, [4 5], [4], NULL, NULL) = 1 (out [4])
9094  09:39:38 clock_gettime(CLOCK_BOOTTIME, {174165, 213721152}) = 0
9094  09:39:38 write(4, "i\345>&\345\345\313\313\261p\366\302H\\\17\306\25\330\227\7\7\256\25\274+$\362\202\373\245q+"..., 36) = 36
9094  09:39:38 clock_gettime(CLOCK_BOOTTIME, {174165, 214173022}) = 0
9094  09:39:38 clock_gettime(CLOCK_BOOTTIME, {174165, 214691092}) = 0
9094  09:39:38 select(8, [4 5], [], NULL, NULL) = 1 (in [4])
9094  09:39:38 clock_gettime(CLOCK_BOOTTIME, {174165, 215134198}) = 0
9094  09:39:38 read(4, "\227k\1V4\315\320 \354/\10\350IRV\372\t-j\356e\234y^\206n\343xE@I\24"..., 8192) = 36
9094  09:39:38 clock_gettime(CLOCK_BOOTTIME, {174165, 215527295}) = 0
9094  09:39:38 clock_gettime(CLOCK_BOOTTIME, {174165, 215692948}) = 0
9094  09:39:38 select(8, [4 5], [6], NULL, NULL) = 1 (out [6])
9094  09:39:38 clock_gettime(CLOCK_BOOTTIME, {174165, 216203318}) = 0
9094  09:39:38 write(6, "s", 1)         = 1
9094  09:39:38 clock_gettime(CLOCK_BOOTTIME, {174165, 216761958}) = 0
9094  09:39:38 clock_gettime(CLOCK_BOOTTIME, {174165, 216966868}) = 0
9094  09:39:38 select(8, [4 5], [], NULL, NULL) = 1 (in [5])
9094  09:39:38 clock_gettime(CLOCK_BOOTTIME, {174165, 362432700}) = 0
9094  09:39:38 read(5, "\r", 16384)     = 1
9094  09:39:38 clock_gettime(CLOCK_BOOTTIME, {174165, 362654460}) = 0
9094  09:39:38 clock_gettime(CLOCK_BOOTTIME, {174165, 362740313}) = 0
9094  09:39:38 select(8, [4 5], [4], NULL, NULL) = 1 (out [4])
9094  09:39:38 clock_gettime(CLOCK_BOOTTIME, {174165, 362938460}) = 0
9094  09:39:38 write(4, "\325\311\247\330n\324\351\300;\25\226$\271:\247\261\203}\335f?\3515A2\303P)Z\224\0067"..., 36) = 36
9094  09:39:38 clock_gettime(CLOCK_BOOTTIME, {174165, 363242583}) = 0
9094  09:39:38 clock_gettime(CLOCK_BOOTTIME, {174165, 363329023}) = 0
9094  09:39:38 select(8, [4 5], [], NULL, NULL) = 1 (in [4])
9094  09:39:38 clock_gettime(CLOCK_BOOTTIME, {174165, 368210593}) = 0
9094  09:39:38 read(4, "\7\372mX4\307\267`\274\276\203\335\303\276m\336-\245\257\322EaI\271\221'\234\333l\253\5\310"..., 8192) = 36
9094  09:39:38 clock_gettime(CLOCK_BOOTTIME, {174165, 368508109}) = 0
9094  09:39:38 clock_gettime(CLOCK_BOOTTIME, {174165, 368695036}) = 0
9094  09:39:38 select(8, [4 5], [6], NULL, NULL) = 1 (out [6])
9094  09:39:38 clock_gettime(CLOCK_BOOTTIME, {174165, 368920633}) = 0
9094  09:39:38 write(6, "\r\n", 2)      = 2
9094  09:39:38 clock_gettime(CLOCK_BOOTTIME, {174165, 369367129}) = 0
9094  09:39:38 clock_gettime(CLOCK_BOOTTIME, {174165, 369529756}) = 0
9094  09:39:38 select(8, [4 5], [], NULL, NULL) = 1 (in [4])
9094  09:39:38 clock_gettime(CLOCK_BOOTTIME, {174165, 373637849}) = 0
9094  09:39:38 read(4, "\204\0~\252\231\34\261\273\346\213\26\367\213\32/\261[k\343t`n\252\265\311=\245P\371d\372\215"..., 8192) = 328
9094  09:39:38 clock_gettime(CLOCK_BOOTTIME, {174165, 373877559}) = 0
9094  09:39:38 clock_gettime(CLOCK_BOOTTIME, {174165, 373968579}) = 0
9094  09:39:38 select(8, [4 5], [6], NULL, NULL) = 1 (out [6])
9094  09:39:38 clock_gettime(CLOCK_BOOTTIME, {174165, 374219219}) = 0
9094  09:39:38 write(6, "dump.rdb  \33[0m\33[34;42mflume\33[0m "..., 248) = 248
9094  09:39:38 clock_gettime(CLOCK_BOOTTIME, {174165, 374631366}) = 0
9094  09:39:38 clock_gettime(CLOCK_BOOTTIME, {174165, 374773979}) = 0
9094  09:39:38 select(8, [4 5], [], NULL, NULL) = 1 (in [5])
9094  09:39:41 clock_gettime(CLOCK_BOOTTIME, {174167, 906252698}) = 0
9094  09:39:41 read(5, "c", 16384)      = 1
9094  09:39:41 clock_gettime(CLOCK_BOOTTIME, {174167, 906489358}) = 0
9094  09:39:41 clock_gettime(CLOCK_BOOTTIME, {174167, 906581855}) = 0
9094  09:39:41 select(8, [4 5], [4], NULL, NULL) = 1 (out [4])
9094  09:39:41 clock_gettime(CLOCK_BOOTTIME, {174167, 906794705}) = 0
9094  09:39:41 write(4, "\31\10&\273\3074\266=\32\25\226m%\273\313\352z\4\17\210\340R7\217\354s7\374xEX\263"..., 36) = 36
9094  09:39:41 clock_gettime(CLOCK_BOOTTIME, {174167, 907163661}) = 0
9094  09:39:41 clock_gettime(CLOCK_BOOTTIME, {174167, 907309668}) = 0
9094  09:39:41 select(8, [4 5], [], NULL, NULL) = 1 (in [4])
9094  09:39:41 clock_gettime(CLOCK_BOOTTIME, {174167, 907859085}) = 0
9094  09:39:41 read(4, "]\306\317\10)\363\204\7u\20\353\367\362x\370F\350i\344\307/\345\n\241v\333\350\224\365\321\215\371"..., 8192) = 36
9094  09:39:41 clock_gettime(CLOCK_BOOTTIME, {174167, 908176685}) = 0
9094  09:39:41 clock_gettime(CLOCK_BOOTTIME, {174167, 909073941}) = 0
9094  09:39:41 select(8, [4 5], [6], NULL, NULL) = 1 (out [6])
9094  09:39:41 clock_gettime(CLOCK_BOOTTIME, {174167, 909493111}) = 0
9094  09:39:41 write(6, "c", 1)         = 1
9094  09:39:41 clock_gettime(CLOCK_BOOTTIME, {174167, 909817088}) = 0
9094  09:39:41 clock_gettime(CLOCK_BOOTTIME, {174167, 910030545}) = 0
9094  09:39:41 select(8, [4 5], [], NULL, NULL) = 1 (in [5])
9094  09:39:41 clock_gettime(CLOCK_BOOTTIME, {174167, 994305200}) = 0
9094  09:39:41 read(5, "d", 16384)      = 1
9094  09:39:41 clock_gettime(CLOCK_BOOTTIME, {174167, 994758826}) = 0
9094  09:39:41 clock_gettime(CLOCK_BOOTTIME, {174167, 995000843}) = 0
9094  09:39:41 select(8, [4 5], [4], NULL, NULL) = 1 (out [4])
9094  09:39:41 clock_gettime(CLOCK_BOOTTIME, {174167, 995481053}) = 0
9094  09:39:41 write(4, "\251\305\3504-\267pb\nk\244\20 zW\371?w\240\254\215\311\17\36\353[GZ\201\231Fh"..., 36) = 36
9094  09:39:41 clock_gettime(CLOCK_BOOTTIME, {174167, 996086093}) = 0
9094  09:39:41 clock_gettime(CLOCK_BOOTTIME, {174167, 996566146}) = 0
9094  09:39:41 select(8, [4 5], [], NULL, NULL) = 1 (in [4])
9094  09:39:41 clock_gettime(CLOCK_BOOTTIME, {174167, 996983273}) = 0
9094  09:39:41 read(4, "A\202\34\210\266h$\31\36\305\364\35\324F\230\211\370\301\36\323w\34\2730\360}\374E:\37\267\251"..., 8192) = 36
9094  09:39:41 clock_gettime(CLOCK_BOOTTIME, {174167, 997390939}) = 0
9094  09:39:41 clock_gettime(CLOCK_BOOTTIME, {174167, 997661913}) = 0
9094  09:39:41 select(8, [4 5], [6], NULL, NULL) = 1 (out [6])
9094  09:39:41 clock_gettime(CLOCK_BOOTTIME, {174167, 998148273}) = 0
9094  09:39:41 write(6, "d", 1)         = 1
9094  09:39:41 clock_gettime(CLOCK_BOOTTIME, {174167, 998613506}) = 0
9094  09:39:41 clock_gettime(CLOCK_BOOTTIME, {174167, 998736513}) = 0
9094  09:39:41 select(8, [4 5], [], NULL, NULL) = 1 (in [5])
9094  09:39:41 clock_gettime(CLOCK_BOOTTIME, {174168, 107990369}) = 0
9094  09:39:41 read(5, " ", 16384)      = 1
9094  09:39:41 clock_gettime(CLOCK_BOOTTIME, {174168, 108414799}) = 0
9094  09:39:41 clock_gettime(CLOCK_BOOTTIME, {174168, 108576386}) = 0
9094  09:39:41 select(8, [4 5], [4], NULL, NULL) = 1 (out [4])
9094  09:39:41 clock_gettime(CLOCK_BOOTTIME, {174168, 109046056}) = 0
9094  09:39:41 write(4, "gC\237\355RS$\323\324\226w\34,\354d\373\345\0ID\277Y\203\2518\377\306\264\240\177\202\213"..., 36) = 36
9094  09:39:41 clock_gettime(CLOCK_BOOTTIME, {174168, 109762383}) = 0
9094  09:39:41 clock_gettime(CLOCK_BOOTTIME, {174168, 109901263}) = 0
9094  09:39:41 select(8, [4 5], [], NULL, NULL) = 1 (in [4])
9094  09:39:41 clock_gettime(CLOCK_BOOTTIME, {174168, 110332039}) = 0
9094  09:39:41 read(4, "\2014\360\323\206Ex\5\204\205\303\272\324#\234l|4\242\265:\7\337\343~\322_f\25\326|\262"..., 8192) = 36
9094  09:39:41 clock_gettime(CLOCK_BOOTTIME, {174168, 110881103}) = 0
9094  09:39:41 clock_gettime(CLOCK_BOOTTIME, {174168, 111096279}) = 0
9094  09:39:41 select(8, [4 5], [6], NULL, NULL) = 1 (out [6])
9094  09:39:41 clock_gettime(CLOCK_BOOTTIME, {174168, 111581429}) = 0
9094  09:39:41 write(6, " ", 1)         = 1
9094  09:39:41 clock_gettime(CLOCK_BOOTTIME, {174168, 112258546}) = 0
9094  09:39:41 clock_gettime(CLOCK_BOOTTIME, {174168, 112465196}) = 0
9094  09:39:41 select(8, [4 5], [], NULL, NULL) = 1 (in [5])
9094  09:39:41 clock_gettime(CLOCK_BOOTTIME, {174168, 266871507}) = 0
9094  09:39:41 read(5, "/", 16384)      = 1
9094  09:39:41 clock_gettime(CLOCK_BOOTTIME, {174168, 267982383}) = 0
9094  09:39:41 clock_gettime(CLOCK_BOOTTIME, {174168, 268325307}) = 0
9094  09:39:41 select(8, [4 5], [4], NULL, NULL) = 1 (out [4])
9094  09:39:41 clock_gettime(CLOCK_BOOTTIME, {174168, 268914266}) = 0
9094  09:39:41 write(4, "V\262z\213\327\221e\303\177\236\362j\234\23\350\325\351HQ\336y\207Rg\321\366\224\f[L\216\""..., 36) = 36
9094  09:39:41 clock_gettime(CLOCK_BOOTTIME, {174168, 269716423}) = 0
9094  09:39:41 clock_gettime(CLOCK_BOOTTIME, {174168, 269959006}) = 0
9094  09:39:41 select(8, [4 5], [], NULL, NULL) = 1 (in [4])
9094  09:39:41 clock_gettime(CLOCK_BOOTTIME, {174168, 270647926}) = 0
9094  09:39:41 read(4, "\215\201\347\t\17\250\351\344\27o\315\26ag\244.\237X\213\357\375{\363\271\314\335\264}mO\1\243"..., 8192) = 36
9094  09:39:41 clock_gettime(CLOCK_BOOTTIME, {174168, 271188696}) = 0
9094  09:39:41 clock_gettime(CLOCK_BOOTTIME, {174168, 271410316}) = 0
9094  09:39:41 select(8, [4 5], [6], NULL, NULL) = 1 (out [6])
9094  09:39:41 clock_gettime(CLOCK_BOOTTIME, {174168, 272254320}) = 0
9094  09:39:41 write(6, "/", 1)         = 1
9094  09:39:41 clock_gettime(CLOCK_BOOTTIME, {174168, 272840886}) = 0
9094  09:39:41 clock_gettime(CLOCK_BOOTTIME, {174168, 273101553}) = 0
9094  09:39:41 select(8, [4 5], [], NULL, NULL) = 1 (in [5])
9094  09:39:41 clock_gettime(CLOCK_BOOTTIME, {174168, 330732116}) = 0
9094  09:39:41 read(5, "f", 16384)      = 1
9094  09:39:41 clock_gettime(CLOCK_BOOTTIME, {174168, 331153123}) = 0
9094  09:39:41 clock_gettime(CLOCK_BOOTTIME, {174168, 331564723}) = 0
9094  09:39:41 select(8, [4 5], [4], NULL, NULL) = 1 (out [4])
9094  09:39:41 clock_gettime(CLOCK_BOOTTIME, {174168, 332104446}) = 0
9094  09:39:41 write(4, "\271\30\333\324\362\233\26\24~\16\367)\257\305\303\306'\33\347M\204\20<\251\33\33Q\222\274W\3465"..., 36) = 36
9094  09:39:41 clock_gettime(CLOCK_BOOTTIME, {174168, 332588106}) = 0
9094  09:39:41 clock_gettime(CLOCK_BOOTTIME, {174168, 332759556}) = 0
9094  09:39:41 select(8, [4 5], [], NULL, NULL) = 1 (in [4])
9094  09:39:41 clock_gettime(CLOCK_BOOTTIME, {174168, 333300039}) = 0
9094  09:39:41 read(4, "Wfd\265\266dd\16sAw!l5\353\21,\224\253j\7z\3403\207/\276P\260\30X\212"..., 8192) = 36
9094  09:39:41 clock_gettime(CLOCK_BOOTTIME, {174168, 333710763}) = 0
9094  09:39:41 clock_gettime(CLOCK_BOOTTIME, {174168, 333895529}) = 0
9094  09:39:41 select(8, [4 5], [6], NULL, NULL) = 1 (out [6])
9094  09:39:41 clock_gettime(CLOCK_BOOTTIME, {174168, 335225249}) = 0
9094  09:39:41 write(6, "f", 1)         = 1
9094  09:39:41 clock_gettime(CLOCK_BOOTTIME, {174168, 336049502}) = 0
9094  09:39:41 clock_gettime(CLOCK_BOOTTIME, {174168, 336245752}) = 0
9094  09:39:41 select(8, [4 5], [], NULL, NULL) = 1 (in [5])
9094  09:39:42 clock_gettime(CLOCK_BOOTTIME, {174168, 499180769}) = 0
9094  09:39:42 read(5, "\t", 16384)     = 1
9094  09:39:42 clock_gettime(CLOCK_BOOTTIME, {174168, 499752003}) = 0
9094  09:39:42 clock_gettime(CLOCK_BOOTTIME, {174168, 500038569}) = 0
9094  09:39:42 select(8, [4 5], [4], NULL, NULL) = 1 (out [4])
9094  09:39:42 clock_gettime(CLOCK_BOOTTIME, {174168, 500559936}) = 0
9094  09:39:42 write(4, "{\247\312dI\301m\324\343^\265\25|J\4\5\324^R\367_\333V z[$\320yY\17\206"..., 36) = 36
9094  09:39:42 clock_gettime(CLOCK_BOOTTIME, {174168, 501057983}) = 0
9094  09:39:42 clock_gettime(CLOCK_BOOTTIME, {174168, 501301326}) = 0
9094  09:39:42 select(8, [4 5], [], NULL, NULL) = 1 (in [4])
9094  09:39:42 clock_gettime(CLOCK_BOOTTIME, {174168, 512667149}) = 0
9094  09:39:42 read(4, "2#\241| \237\204\1\355;N\0236v\311\351\241v\335\344\217\36\323\211\360\n\325y\371\335#\322"..., 8192) = 44
9094  09:39:42 clock_gettime(CLOCK_BOOTTIME, {174168, 513136895}) = 0
9094  09:39:42 clock_gettime(CLOCK_BOOTTIME, {174168, 513360772}) = 0
9094  09:39:42 select(8, [4 5], [6], NULL, NULL) = 1 (out [6])
9094  09:39:42 clock_gettime(CLOCK_BOOTTIME, {174168, 513778312}) = 0
9094  09:39:42 write(6, "smeeting/", 9) = 9
9094  09:39:42 clock_gettime(CLOCK_BOOTTIME, {174168, 514276832}) = 0
9094  09:39:42 clock_gettime(CLOCK_BOOTTIME, {174168, 514449335}) = 0
9094  09:39:42 select(8, [4 5], [], NULL, NULL) = 1 (in [5])
9094  09:39:42 clock_gettime(CLOCK_BOOTTIME, {174168, 707111350}) = 0
9094  09:39:42 read(5, "\r", 16384)     = 1
9094  09:39:42 clock_gettime(CLOCK_BOOTTIME, {174168, 707460194}) = 0
9094  09:39:42 clock_gettime(CLOCK_BOOTTIME, {174168, 707563417}) = 0
9094  09:39:42 select(8, [4 5], [4], NULL, NULL) = 1 (out [4])
9094  09:39:42 clock_gettime(CLOCK_BOOTTIME, {174168, 707869880}) = 0
9094  09:39:42 write(4, "\322\245\371\224\220M\204\21|?\215]\335\246OK?\367\314\340\252hS\305\213A\v\0229\274\t*"..., 36) = 36
9094  09:39:42 clock_gettime(CLOCK_BOOTTIME, {174168, 708158334}) = 0
9094  09:39:42 clock_gettime(CLOCK_BOOTTIME, {174168, 708244437}) = 0
9094  09:39:42 select(8, [4 5], [], NULL, NULL) = 1 (in [4])
9094  09:39:42 clock_gettime(CLOCK_BOOTTIME, {174168, 709783037}) = 0
9094  09:39:42 read(4, "\223#\2633\203\nH\363\254z\r9o\302\0101&x@s)Y\0a\4\313\246\3637=\7\371"..., 8192) = 68
9094  09:39:42 clock_gettime(CLOCK_BOOTTIME, {174168, 710178413}) = 0
9094  09:39:42 clock_gettime(CLOCK_BOOTTIME, {174168, 710381143}) = 0
9094  09:39:42 select(8, [4 5], [6], NULL, NULL) = 1 (out [6])
9094  09:39:42 clock_gettime(CLOCK_BOOTTIME, {174168, 710610103}) = 0
9094  09:39:42 write(6, "\r\n[root@live_proxy fsmeeting]# ", 31) = 31
9094  09:39:42 clock_gettime(CLOCK_BOOTTIME, {174168, 711055320}) = 0
9094  09:39:42 clock_gettime(CLOCK_BOOTTIME, {174168, 711154357}) = 0
9094  09:39:42 select(8, [4 5], [], NULL, NULL) = 1 (in [5])
9094  09:39:42 clock_gettime(CLOCK_BOOTTIME, {174168, 934434020}) = 0
9094  09:39:42 read(5, "l", 16384)      = 1
9094  09:39:42 clock_gettime(CLOCK_BOOTTIME, {174168, 934784290}) = 0
9094  09:39:42 clock_gettime(CLOCK_BOOTTIME, {174168, 935094040}) = 0
9094  09:39:42 select(8, [4 5], [4], NULL, NULL) = 1 (out [4])
9094  09:39:42 clock_gettime(CLOCK_BOOTTIME, {174168, 935481543}) = 0
9094  09:39:42 write(4, "\16}\312\306\0367\37\347\271:P\306\31TyoY\333\26\5K\354 \337\326;\317\341}\245\337\246"..., 36) = 36
9094  09:39:42 clock_gettime(CLOCK_BOOTTIME, {174168, 935946503}) = 0
9094  09:39:42 clock_gettime(CLOCK_BOOTTIME, {174168, 936600580}) = 0
9094  09:39:42 select(8, [4 5], [], NULL, NULL) = 1 (in [4])
9094  09:39:42 clock_gettime(CLOCK_BOOTTIME, {174168, 937041833}) = 0
9094  09:39:42 read(4, "\203\210Hj\344\334z\226V\16N;\353\336r\334B\374\2\334\325\276\346\320\334\2329%\323\356\322\375"..., 8192) = 36
9094  09:39:42 clock_gettime(CLOCK_BOOTTIME, {174168, 937511540}) = 0
9094  09:39:42 clock_gettime(CLOCK_BOOTTIME, {174168, 937763900}) = 0
9094  09:39:42 select(8, [4 5], [6], NULL, NULL) = 1 (out [6])
9094  09:39:42 clock_gettime(CLOCK_BOOTTIME, {174168, 938530160}) = 0
9094  09:39:42 write(6, "l", 1)         = 1
9094  09:39:42 clock_gettime(CLOCK_BOOTTIME, {174168, 939038957}) = 0
9094  09:39:42 clock_gettime(CLOCK_BOOTTIME, {174168, 939197720}) = 0
9094  09:39:42 select(8, [4 5], [], NULL, NULL) = 1 (in [5])
9094  09:39:42 clock_gettime(CLOCK_BOOTTIME, {174169, 58894096}) = 0
9094  09:39:42 read(5, "s", 16384)      = 1
9094  09:39:42 clock_gettime(CLOCK_BOOTTIME, {174169, 59355776}) = 0
9094  09:39:42 clock_gettime(CLOCK_BOOTTIME, {174169, 59565083}) = 0
9094  09:39:42 select(8, [4 5], [4], NULL, NULL) = 1 (out [4])
9094  09:39:42 clock_gettime(CLOCK_BOOTTIME, {174169, 60075563}) = 0
9094  09:39:42 write(4, "\363\201=l\342\261\2376-\312\270\243\324\30\304.\23\235\371\266imEK\357\264B>/|\323,"..., 36) = 36
9094  09:39:42 clock_gettime(CLOCK_BOOTTIME, {174169, 60863589}) = 0
9094  09:39:42 clock_gettime(CLOCK_BOOTTIME, {174169, 61294579}) = 0
9094  09:39:42 select(8, [4 5], [], NULL, NULL) = 1 (in [4])
9094  09:39:42 clock_gettime(CLOCK_BOOTTIME, {174169, 61711269}) = 0
9094  09:39:42 read(4, "\216\222\377\232\25\220\326\355\226\227\310\343T\222s\333\202\34\303\370=\247\232y\360\33H\341\361R1\265"..., 8192) = 36
9094  09:39:42 clock_gettime(CLOCK_BOOTTIME, {174169, 62108213}) = 0
9094  09:39:42 clock_gettime(CLOCK_BOOTTIME, {174169, 62283503}) = 0
9094  09:39:42 select(8, [4 5], [6], NULL, NULL) = 1 (out [6])
9094  09:39:42 clock_gettime(CLOCK_BOOTTIME, {174169, 62662849}) = 0
9094  09:39:42 write(6, "s", 1)         = 1
9094  09:39:42 clock_gettime(CLOCK_BOOTTIME, {174169, 63350799}) = 0
9094  09:39:42 clock_gettime(CLOCK_BOOTTIME, {174169, 63527306}) = 0
9094  09:39:42 select(8, [4 5], [], NULL, NULL) = 1 (in [5])
9094  09:39:42 clock_gettime(CLOCK_BOOTTIME, {174169, 187228912}) = 0
9094  09:39:42 read(5, "\r", 16384)     = 1
9094  09:39:42 clock_gettime(CLOCK_BOOTTIME, {174169, 187474468}) = 0
9094  09:39:42 clock_gettime(CLOCK_BOOTTIME, {174169, 187602952}) = 0
9094  09:39:42 select(8, [4 5], [4], NULL, NULL) = 1 (out [4])
9094  09:39:42 clock_gettime(CLOCK_BOOTTIME, {174169, 187826815}) = 0
9094  09:39:42 write(4, "\302\345\f\235\231`\373)fq\314\374\f\237\377\346\254\32\214\317\26\231\230<\332\7T0J\275\363\v"..., 36) = 36
9094  09:39:42 clock_gettime(CLOCK_BOOTTIME, {174169, 188240115}) = 0
9094  09:39:42 clock_gettime(CLOCK_BOOTTIME, {174169, 188351798}) = 0
9094  09:39:42 select(8, [4 5], [], NULL, NULL) = 1 (in [4])
9094  09:39:42 clock_gettime(CLOCK_BOOTTIME, {174169, 189372315}) = 0
9094  09:39:42 read(4, "e\t\25\27\215\10\333 \331U\224\344=\3711\231\263wiBAr\306\252e\215\376\10\21a\213\231"..., 8192) = 36
9094  09:39:42 clock_gettime(CLOCK_BOOTTIME, {174169, 189711112}) = 0
9094  09:39:42 clock_gettime(CLOCK_BOOTTIME, {174169, 189861238}) = 0
9094  09:39:42 select(8, [4 5], [6], NULL, NULL) = 1 (out [6])
9094  09:39:42 clock_gettime(CLOCK_BOOTTIME, {174169, 190340948}) = 0
9094  09:39:42 write(6, "\r\n", 2)      = 2
9094  09:39:42 clock_gettime(CLOCK_BOOTTIME, {174169, 191111891}) = 0
9094  09:39:42 clock_gettime(CLOCK_BOOTTIME, {174169, 191335465}) = 0
9094  09:39:42 select(8, [4 5], [], NULL, NULL) = 1 (in [4])
9094  09:39:42 clock_gettime(CLOCK_BOOTTIME, {174169, 193451835}) = 0
9094  09:39:42 read(4, "\252\301cQ\325})\25\7'\200\370\256a\r\6\231\355\210\3+3\222\264\267\305\231\341\324`}\206"..., 8192) = 280
9094  09:39:42 clock_gettime(CLOCK_BOOTTIME, {174169, 193930838}) = 0
9094  09:39:42 clock_gettime(CLOCK_BOOTTIME, {174169, 194155845}) = 0
9094  09:39:42 select(8, [4 5], [6], NULL, NULL) = 1 (out [6])
9094  09:39:42 clock_gettime(CLOCK_BOOTTIME, {174169, 194657071}) = 0
9094  09:39:42 write(6, "\33[0m\33[01;34mflume\33[0m  \33[01;34mf"..., 200) = 200
9094  09:39:42 clock_gettime(CLOCK_BOOTTIME, {174169, 195327058}) = 0
9094  09:39:42 clock_gettime(CLOCK_BOOTTIME, {174169, 195536331}) = 0
9094  09:39:42 select(8, [4 5], [], NULL, NULL) = 1 (in [5])
9094  09:39:45 clock_gettime(CLOCK_BOOTTIME, {174171, 803096396}) = 0
9094  09:39:45 read(5, "t", 16384)      = 1
9094  09:39:45 clock_gettime(CLOCK_BOOTTIME, {174171, 803484369}) = 0
9094  09:39:45 clock_gettime(CLOCK_BOOTTIME, {174171, 803683982}) = 0
9094  09:39:45 select(8, [4 5], [4], NULL, NULL) = 1 (out [4])
9094  09:39:45 clock_gettime(CLOCK_BOOTTIME, {174171, 804097132}) = 0
9094  09:39:45 write(4, "\346e/\354\277\260\206\271\t;\224\22Owcb(W\334\2\375\347f\3749=X\fTF\331\232"..., 36) = 36
9094  09:39:45 clock_gettime(CLOCK_BOOTTIME, {174171, 804551532}) = 0
9094  09:39:45 clock_gettime(CLOCK_BOOTTIME, {174171, 804806866}) = 0
9094  09:39:45 select(8, [4 5], [], NULL, NULL) = 1 (in [4])
9094  09:39:45 clock_gettime(CLOCK_BOOTTIME, {174171, 805297909}) = 0
9094  09:39:45 read(4, "\254\24\277\356\262\300\202\303^,\346\351+\272\207r\200\212\262\374\26io@r\364\177S\252\347\300/"..., 8192) = 36
9094  09:39:45 clock_gettime(CLOCK_BOOTTIME, {174171, 805667906}) = 0
9094  09:39:45 clock_gettime(CLOCK_BOOTTIME, {174171, 805870449}) = 0
9094  09:39:45 select(8, [4 5], [6], NULL, NULL) = 1 (out [6])
9094  09:39:45 clock_gettime(CLOCK_BOOTTIME, {174171, 806262362}) = 0
9094  09:39:45 write(6, "t", 1)         = 1
9094  09:39:45 clock_gettime(CLOCK_BOOTTIME, {174171, 806785476}) = 0
9094  09:39:45 clock_gettime(CLOCK_BOOTTIME, {174171, 806993779}) = 0
9094  09:39:45 select(8, [4 5], [], NULL, NULL) = 1 (in [5])
9094  09:39:45 clock_gettime(CLOCK_BOOTTIME, {174171, 948960320}) = 0
9094  09:39:45 read(5, "o", 16384)      = 1
9094  09:39:45 clock_gettime(CLOCK_BOOTTIME, {174171, 949493564}) = 0
9094  09:39:45 clock_gettime(CLOCK_BOOTTIME, {174171, 949665537}) = 0
9094  09:39:45 select(8, [4 5], [4], NULL, NULL) = 1 (out [4])
9094  09:39:45 clock_gettime(CLOCK_BOOTTIME, {174171, 950268284}) = 0
9094  09:39:45 write(4, "D\345\303\264\244\241_)_\344[\275H\34B\223\357XR\3247\227\24\226\236\4\242T\230q)\262"..., 36) = 36
9094  09:39:45 clock_gettime(CLOCK_BOOTTIME, {174171, 950714430}) = 0
9094  09:39:45 clock_gettime(CLOCK_BOOTTIME, {174171, 950951437}) = 0
9094  09:39:45 select(8, [4 5], [], NULL, NULL) = 1 (in [4])
9094  09:39:45 clock_gettime(CLOCK_BOOTTIME, {174171, 951540164}) = 0
9094  09:39:45 read(4, "T\310n$#T*\34\255z\245o*\307|\317\222\330\312\315G\230Y\17\372A\355fk\214\201\21"..., 8192) = 36
9094  09:39:45 clock_gettime(CLOCK_BOOTTIME, {174171, 951921067}) = 0
9094  09:39:45 clock_gettime(CLOCK_BOOTTIME, {174171, 952132574}) = 0
9094  09:39:45 select(8, [4 5], [6], NULL, NULL) = 1 (out [6])
9094  09:39:45 clock_gettime(CLOCK_BOOTTIME, {174171, 952598247}) = 0
9094  09:39:45 write(6, "o", 1)         = 1
9094  09:39:45 clock_gettime(CLOCK_BOOTTIME, {174171, 953260274}) = 0
9094  09:39:45 clock_gettime(CLOCK_BOOTTIME, {174171, 953434967}) = 0
9094  09:39:45 select(8, [4 5], [], NULL, NULL) = 1 (in [5])
9094  09:39:45 clock_gettime(CLOCK_BOOTTIME, {174172, 130611620}) = 0
9094  09:39:45 read(5, "p", 16384)      = 1
9094  09:39:45 clock_gettime(CLOCK_BOOTTIME, {174172, 130991206}) = 0
9094  09:39:45 clock_gettime(CLOCK_BOOTTIME, {174172, 131220286}) = 0
9094  09:39:45 select(8, [4 5], [4], NULL, NULL) = 1 (out [4])
9094  09:39:45 clock_gettime(CLOCK_BOOTTIME, {174172, 131865623}) = 0
9094  09:39:45 write(4, "\2204A[6i\201+\263s\377\3657~j\320)\326\3\264\10\344\n\357\375;9x\252!|\206"..., 36) = 36
9094  09:39:45 clock_gettime(CLOCK_BOOTTIME, {174172, 132370523}) = 0
9094  09:39:45 clock_gettime(CLOCK_BOOTTIME, {174172, 132544333}) = 0
9094  09:39:45 select(8, [4 5], [], NULL, NULL) = 1 (in [4])
9094  09:39:45 clock_gettime(CLOCK_BOOTTIME, {174172, 133143843}) = 0
9094  09:39:45 read(4, "$\215\225\255u\213R$\323\225\232\200\242*\232\356i\210\312\320\370\217\37\t[\26%1\312\302\4\301"..., 8192) = 36
9094  09:39:45 clock_gettime(CLOCK_BOOTTIME, {174172, 133689229}) = 0
9094  09:39:45 clock_gettime(CLOCK_BOOTTIME, {174172, 133936466}) = 0
9094  09:39:45 select(8, [4 5], [6], NULL, NULL) = 1 (out [6])
9094  09:39:45 clock_gettime(CLOCK_BOOTTIME, {174172, 134567926}) = 0
9094  09:39:45 write(6, "p", 1)         = 1
9094  09:39:45 clock_gettime(CLOCK_BOOTTIME, {174172, 135198523}) = 0
9094  09:39:45 clock_gettime(CLOCK_BOOTTIME, {174172, 135418519}) = 0
9094  09:39:45 select(8, [4 5], [], NULL, NULL) = 1 (in [5])
9094  09:39:45 clock_gettime(CLOCK_BOOTTIME, {174172, 402507063}) = 0
9094  09:39:45 read(5, "\r", 16384)     = 1
9094  09:39:45 clock_gettime(CLOCK_BOOTTIME, {174172, 402990697}) = 0
9094  09:39:45 clock_gettime(CLOCK_BOOTTIME, {174172, 403254693}) = 0
9094  09:39:45 select(8, [4 5], [4], NULL, NULL) = 1 (out [4])
9094  09:39:45 clock_gettime(CLOCK_BOOTTIME, {174172, 403722780}) = 0
9094  09:39:45 write(4, "J\336h\331\360\366\332\0;\365\356\270\5\323\350\204\370\271\4\375\350l\356\346\200\231\32\364\223\304\346\236"..., 36) = 36
9094  09:39:45 clock_gettime(CLOCK_BOOTTIME, {174172, 404208857}) = 0
9094  09:39:45 clock_gettime(CLOCK_BOOTTIME, {174172, 404422203}) = 0
9094  09:39:45 select(8, [4 5], [], NULL, NULL) = 1 (in [4])
9094  09:39:45 clock_gettime(CLOCK_BOOTTIME, {174172, 405745830}) = 0
9094  09:39:45 read(4, "~\242\36\370\\\225\370\204\351*\225;\362gP\2251\346*\223s74\227\300HN\370\367c\216\24"..., 8192) = 36
9094  09:39:45 clock_gettime(CLOCK_BOOTTIME, {174172, 406306867}) = 0
9094  09:39:45 clock_gettime(CLOCK_BOOTTIME, {174172, 406480277}) = 0
9094  09:39:45 select(8, [4 5], [6], NULL, NULL) = 1 (out [6])
9094  09:39:45 clock_gettime(CLOCK_BOOTTIME, {174172, 406946086}) = 0
9094  09:39:45 write(6, "\r\n", 2)      = 2
9094  09:39:45 clock_gettime(CLOCK_BOOTTIME, {174172, 407559256}) = 0
9094  09:39:45 clock_gettime(CLOCK_BOOTTIME, {174172, 407730323}) = 0
9094  09:39:45 select(8, [4 5], [], NULL, NULL) = 1 (in [4])
9094  09:39:46 clock_gettime(CLOCK_BOOTTIME, {174172, 454420000}) = 0
9094  09:39:46 read(4, "\305s\347'\252\222\35009\265\317*\216#D}x\16\216\237\37\305\366G\251\323\220\232\220\302h\227"..., 8192) = 52
9094  09:39:46 clock_gettime(CLOCK_BOOTTIME, {174172, 454866350}) = 0
9094  09:39:46 clock_gettime(CLOCK_BOOTTIME, {174172, 455173274}) = 0
9094  09:39:46 select(8, [4 5], [6], NULL, NULL) = 1 (out [6])
9094  09:39:46 clock_gettime(CLOCK_BOOTTIME, {174172, 455549687}) = 0
9094  09:39:46 write(6, "\33[?25l\33[?1c", 11) = 11
9094  09:39:46 clock_gettime(CLOCK_BOOTTIME, {174172, 456175864}) = 0
9094  09:39:46 clock_gettime(CLOCK_BOOTTIME, {174172, 456353437}) = 0
9094  09:39:46 select(8, [4 5], [], NULL, NULL) = 1 (in [4])
9094  09:39:46 clock_gettime(CLOCK_BOOTTIME, {174172, 661049588}) = 0
9094  09:39:46 read(4, "J1c\30\241k&qd[\264\360\245lT\321\322 Kh\323j\350\266L\227\31\316\35<\17Y"..., 8192) = 8120
9094  09:39:46 clock_gettime(CLOCK_BOOTTIME, {174172, 661658368}) = 0
9094  09:39:46 clock_gettime(CLOCK_BOOTTIME, {174172, 661831671}) = 0
9094  09:39:46 select(8, [4 5], [6], NULL, NULL) = 1 (out [6])
9094  09:39:46 clock_gettime(CLOCK_BOOTTIME, {174172, 662407591}) = 0
9094  09:39:46 write(6, "\33[H\33[J\33[0;10mtop - 09:39:50 up 2"..., 8043) = 8043
9094  09:39:46 clock_gettime(CLOCK_BOOTTIME, {174172, 663439628}) = 0
9094  09:39:46 clock_gettime(CLOCK_BOOTTIME, {174172, 663622158}) = 0
9094  09:39:46 select(8, [4 5], [], NULL, NULL) = 1 (in [5])
9094  09:39:47 clock_gettime(CLOCK_BOOTTIME, {174174, 266655896}) = 0
9094  09:39:47 read(5, "\3", 16384)     = 1
9094  09:39:47 clock_gettime(CLOCK_BOOTTIME, {174174, 267035026}) = 0
9094  09:39:47 clock_gettime(CLOCK_BOOTTIME, {174174, 267234322}) = 0
9094  09:39:47 select(8, [4 5], [4], NULL, NULL) = 1 (out [4])
9094  09:39:47 clock_gettime(CLOCK_BOOTTIME, {174174, 267616146}) = 0
9094  09:39:47 write(4, "[K\260v\357\316E\2\274R\276G\216\375]78@M\236e\215\27\233\276\356\253\330s\2769:"..., 36) = 36
9094  09:39:47 clock_gettime(CLOCK_BOOTTIME, {174174, 268082656}) = 0
9094  09:39:47 clock_gettime(CLOCK_BOOTTIME, {174174, 268275916}) = 0
9094  09:39:47 select(8, [4 5], [], NULL, NULL) = 1 (in [4])
9094  09:39:47 clock_gettime(CLOCK_BOOTTIME, {174174, 269769422}) = 0
9094  09:39:47 read(4, "\340\374\310\206\10/\216'\3\245\274a\336D{\31g\206Es\337\257\265->^\307gi\206\321\240"..., 8192) = 92
9094  09:39:47 clock_gettime(CLOCK_BOOTTIME, {174174, 270388622}) = 0
9094  09:39:47 clock_gettime(CLOCK_BOOTTIME, {174174, 270566725}) = 0
9094  09:39:47 select(8, [4 5], [6], NULL, NULL) = 1 (out [6])
9094  09:39:47 clock_gettime(CLOCK_BOOTTIME, {174174, 271050529}) = 0
9094  09:39:47 write(6, "\33[41;1H\r\n\33[?25h\33[?0c\33[K[root@liv"..., 52) = 52
9094  09:39:47 clock_gettime(CLOCK_BOOTTIME, {174174, 271522855}) = 0
9094  09:39:47 clock_gettime(CLOCK_BOOTTIME, {174174, 271739172}) = 0
9094  09:39:47 select(8, [4 5], [], NULL, NULL) = 1 (in [5])
9094  09:40:00 clock_gettime(CLOCK_BOOTTIME, {174186, 901205003}) = 0
9094  09:40:00 read(5, "e", 16384)      = 1
9094  09:40:00 clock_gettime(CLOCK_BOOTTIME, {174186, 901454519}) = 0
9094  09:40:00 clock_gettime(CLOCK_BOOTTIME, {174186, 901546263}) = 0
9094  09:40:00 select(8, [4 5], [4], NULL, NULL) = 1 (out [4])
9094  09:40:00 clock_gettime(CLOCK_BOOTTIME, {174186, 901818799}) = 0
9094  09:40:00 write(4, "f\376?\20\253w\332%\365\3034P\36\300\356lw\5\201P\275H9\363\253!\320\"\311\245\352\230"..., 36) = 36
9094  09:40:00 clock_gettime(CLOCK_BOOTTIME, {174186, 902147309}) = 0
9094  09:40:00 clock_gettime(CLOCK_BOOTTIME, {174186, 902255962}) = 0
9094  09:40:00 select(8, [4 5], [], NULL, NULL) = 1 (in [4])
9094  09:40:00 clock_gettime(CLOCK_BOOTTIME, {174186, 902792852}) = 0
9094  09:40:00 read(4, "\374x\255Q\361\r\\\275E\37793D U&\360\346`'&\203\n\27\257<\302u\241\3\216\365"..., 8192) = 36
9094  09:40:00 clock_gettime(CLOCK_BOOTTIME, {174186, 903089539}) = 0
9094  09:40:00 clock_gettime(CLOCK_BOOTTIME, {174186, 903185552}) = 0
9094  09:40:00 select(8, [4 5], [6], NULL, NULL) = 1 (out [6])
9094  09:40:00 clock_gettime(CLOCK_BOOTTIME, {174186, 903395222}) = 0
9094  09:40:00 write(6, "e", 1)         = 1
9094  09:40:00 clock_gettime(CLOCK_BOOTTIME, {174186, 903598762}) = 0
9094  09:40:00 clock_gettime(CLOCK_BOOTTIME, {174186, 903688752}) = 0
9094  09:40:00 select(8, [4 5], [], NULL, NULL) = 1 (in [5])
9094  09:40:00 clock_gettime(CLOCK_BOOTTIME, {174187, 89912625}) = 0
9094  09:40:00 read(5, "x", 16384)      = 1
9094  09:40:00 clock_gettime(CLOCK_BOOTTIME, {174187, 90362665}) = 0
9094  09:40:00 clock_gettime(CLOCK_BOOTTIME, {174187, 90529881}) = 0
9094  09:40:00 select(8, [4 5], [4], NULL, NULL) = 1 (out [4])
9094  09:40:00 clock_gettime(CLOCK_BOOTTIME, {174187, 90926645}) = 0
9094  09:40:00 write(4, "\311\v\7\345\231\212\3\255\"\7\234r\6-\232\22\7W\321\214QY\330\32e\375-8\0218n\353"..., 36) = 36
9094  09:40:00 clock_gettime(CLOCK_BOOTTIME, {174187, 91611241}) = 0
9094  09:40:00 clock_gettime(CLOCK_BOOTTIME, {174187, 91862251}) = 0
9094  09:40:00 select(8, [4 5], [], NULL, NULL) = 1 (in [4])
9094  09:40:00 clock_gettime(CLOCK_BOOTTIME, {174187, 93397898}) = 0
9094  09:40:00 read(4, "\337L>Y\2\323\234%B\326\26T|\2435\0\271\256w\214G\230\6\233I\333\233\243\10\17\271\357"..., 8192) = 36
9094  09:40:00 clock_gettime(CLOCK_BOOTTIME, {174187, 93940054}) = 0
9094  09:40:00 clock_gettime(CLOCK_BOOTTIME, {174187, 94195228}) = 0
9094  09:40:00 select(8, [4 5], [6], NULL, NULL) = 1 (out [6])
9094  09:40:00 clock_gettime(CLOCK_BOOTTIME, {174187, 94685571}) = 0
9094  09:40:00 write(6, "x", 1)         = 1
9094  09:40:00 clock_gettime(CLOCK_BOOTTIME, {174187, 95233488}) = 0
9094  09:40:00 clock_gettime(CLOCK_BOOTTIME, {174187, 95435941}) = 0
9094  09:40:00 select(8, [4 5], [], NULL, NULL) = 1 (in [5])
9094  09:40:00 clock_gettime(CLOCK_BOOTTIME, {174187, 218813140}) = 0
9094  09:40:00 read(5, "i", 16384)      = 1
9094  09:40:00 clock_gettime(CLOCK_BOOTTIME, {174187, 219364900}) = 0
9094  09:40:00 clock_gettime(CLOCK_BOOTTIME, {174187, 219605910}) = 0
9094  09:40:00 select(8, [4 5], [4], NULL, NULL) = 1 (out [4])
9094  09:40:00 clock_gettime(CLOCK_BOOTTIME, {174187, 220254644}) = 0
9094  09:40:00 write(4, "epU~x\373\340^1*\306!]{,\210\200\333>\305\317-z\4\227\366\331\202z\200\223\313"..., 36) = 36
9094  09:40:00 clock_gettime(CLOCK_BOOTTIME, {174187, 222000187}) = 0
9094  09:40:00 clock_gettime(CLOCK_BOOTTIME, {174187, 222219403}) = 0
9094  09:40:00 select(8, [4 5], [], NULL, NULL) = 1 (in [4])
9094  09:40:00 clock_gettime(CLOCK_BOOTTIME, {174187, 222587847}) = 0
9094  09:40:00 read(4, "!:`>\5HaS\37\300\32\206\306?X\333\327\23\242\31\217v(\307\35\207\277e\227Q\301="..., 8192) = 36
9094  09:40:00 clock_gettime(CLOCK_BOOTTIME, {174187, 222976237}) = 0
9094  09:40:00 clock_gettime(CLOCK_BOOTTIME, {174187, 223185103}) = 0
9094  09:40:00 select(8, [4 5], [6], NULL, NULL) = 1 (out [6])
9094  09:40:00 clock_gettime(CLOCK_BOOTTIME, {174187, 223553167}) = 0
9094  09:40:00 write(6, "i", 1)         = 1
9094  09:40:00 clock_gettime(CLOCK_BOOTTIME, {174187, 224163973}) = 0
9094  09:40:00 clock_gettime(CLOCK_BOOTTIME, {174187, 224340190}) = 0
9094  09:40:00 select(8, [4 5], [], NULL, NULL) = 1 (in [5])
9094  09:40:00 clock_gettime(CLOCK_BOOTTIME, {174187, 370652071}) = 0
9094  09:40:00 read(5, "t", 16384)      = 1
9094  09:40:00 clock_gettime(CLOCK_BOOTTIME, {174187, 371300031}) = 0
9094  09:40:00 clock_gettime(CLOCK_BOOTTIME, {174187, 371595338}) = 0
9094  09:40:00 select(8, [4 5], [4], NULL, NULL) = 1 (out [4])
9094  09:40:00 clock_gettime(CLOCK_BOOTTIME, {174187, 372077111}) = 0
9094  09:40:00 write(4, "UJ\263\203`1\274\217\251\361\337<\371K\217\270((\345-\0\370\314GC\355\246\320OeH\341"..., 36) = 36
9094  09:40:00 clock_gettime(CLOCK_BOOTTIME, {174187, 372528294}) = 0
9094  09:40:00 clock_gettime(CLOCK_BOOTTIME, {174187, 372647708}) = 0
9094  09:40:00 select(8, [4 5], [], NULL, NULL) = 1 (in [4])
9094  09:40:00 clock_gettime(CLOCK_BOOTTIME, {174187, 373247018}) = 0
9094  09:40:00 read(4, "\277\265\321\360\tQj\347;C\310\272\25(6\1H\220\313\340\234/\340\23\253+\4\24\264\221=\310"..., 8192) = 36
9094  09:40:00 clock_gettime(CLOCK_BOOTTIME, {174187, 373700581}) = 0
9094  09:40:00 clock_gettime(CLOCK_BOOTTIME, {174187, 373948054}) = 0
9094  09:40:00 select(8, [4 5], [6], NULL, NULL) = 1 (out [6])
9094  09:40:00 clock_gettime(CLOCK_BOOTTIME, {174187, 374564694}) = 0
9094  09:40:00 write(6, "t", 1)         = 1
9094  09:40:00 clock_gettime(CLOCK_BOOTTIME, {174187, 375110918}) = 0
9094  09:40:00 clock_gettime(CLOCK_BOOTTIME, {174187, 375283068}) = 0
9094  09:40:00 select(8, [4 5], [], NULL, NULL) = 1 (in [5])
9094  09:40:02 clock_gettime(CLOCK_BOOTTIME, {174188, 858548709}) = 0
9094  09:40:02 read(5, "\r", 16384)     = 1
9094  09:40:02 clock_gettime(CLOCK_BOOTTIME, {174188, 858971693}) = 0
9094  09:40:02 clock_gettime(CLOCK_BOOTTIME, {174188, 859271929}) = 0
9094  09:40:02 select(8, [4 5], [4], NULL, NULL) = 1 (out [4])
9094  09:40:02 clock_gettime(CLOCK_BOOTTIME, {174188, 859794862}) = 0
9094  09:40:02 write(4, "\332(u\327\344\304\262(l\16\275\26\344\243E2o\r\332k\5\n:\354\23XG \251\273\\e"..., 36) = 36
9094  09:40:02 clock_gettime(CLOCK_BOOTTIME, {174188, 860382142}) = 0
9094  09:40:02 clock_gettime(CLOCK_BOOTTIME, {174188, 860664976}) = 0
9094  09:40:02 select(8, [4 5], [], NULL, NULL) = 1 (in [4])
9094  09:40:02 clock_gettime(CLOCK_BOOTTIME, {174188, 864077492}) = 0
9094  09:40:02 read(4, "q\216\340\"\351\322\244\337\r8\225\n\v=jm\rO5\206Y\375\231\232\260\2614\203\302\340+\207"..., 8192) = 220
9094  09:40:02 close(5)                 = 0
9094  09:40:02 clock_gettime(CLOCK_BOOTTIME, {174188, 864727419}) = 0
9094  09:40:02 clock_gettime(CLOCK_BOOTTIME, {174188, 864903849}) = 0
9094  09:40:02 select(8, [4], [6], NULL, NULL) = 1 (out [6])
9094  09:40:02 clock_gettime(CLOCK_BOOTTIME, {174188, 865522725}) = 0
9094  09:40:02 write(6, "\r\nlogout\r\n", 10) = 10
9094  09:40:02 clock_gettime(CLOCK_BOOTTIME, {174188, 866299725}) = 0
9094  09:40:02 clock_gettime(CLOCK_BOOTTIME, {174188, 866625702}) = 0
9094  09:40:02 close(6)                 = 0
9094  09:40:02 ioctl(0, SNDCTL_TMR_STOP or TCSETSW, {B38400 opost isig icanon echo ...}) = 0
9094  09:40:02 close(7)                 = 0
9094  09:40:02 select(8, [4], [4], NULL, NULL) = 1 (out [4])
9094  09:40:02 clock_gettime(CLOCK_BOOTTIME, {174188, 868329305}) = 0
9094  09:40:02 write(4, "\316\314\34\270\n\5T5\231\337\376\224t\2\3605, d+\23ey\364#s3\376}\321\26q"..., 36) = 36
9094  09:40:02 rt_sigaction(SIGWINCH, NULL, {0x5638333f6430, [], SA_RESTORER, 0x7f238484a270}, 8) = 0
9094  09:40:02 rt_sigaction(SIGWINCH, {SIG_DFL, [], SA_RESTORER, 0x7f238484a270}, NULL, 8) = 0
9094  09:40:02 write(4, "\344oh\362,\215\201\243\2oK\226\203w\250\330\302e\25o\353\35\325\342\354\203t\226G<\265\250"..., 60) = 60
9094  09:40:02 ioctl(0, TCGETS, {B38400 opost isig icanon echo ...}) = 0
9094  09:40:02 ioctl(1, TCGETS, {B38400 opost isig icanon echo ...}) = 0
9094  09:40:02 ioctl(2, TCGETS, {B38400 opost isig icanon echo ...}) = 0
9094  09:40:02 write(2, "Connection to 192.168.7.201 clos"..., 37) = 37
9094  09:40:02 shutdown(4, SHUT_RDWR)   = 0
9094  09:40:02 close(4)                 = 0
9094  09:40:02 exit_group(0)            = ?
9094  09:40:02 +++ exited with 0 +++
